<?xml version="1.0" encoding="UTF-8" standalone="no"?>
<!DOCTYPE log SYSTEM "logger.dtd">
<log>
<record>
  <date>2024-01-24T13:42:14.463335Z</date>
  <millis>1706103734463</millis>
  <nanos>335000</nanos>
  <sequence>0</sequence>
  <level>START</level>
  <class>com.kms.katalon.core.logging.XmlKeywordLogger</class>
  <method>startSuite</method>
  <thread>1</thread>
  <message>Start Test Suite : Test Suites/Exercise 4</message>
  <nestedLevel>0</nestedLevel>
  <escapedJava>false</escapedJava>
  <property name="rerunTestFailImmediately">true</property>
  <property name="retryCount">0</property>
  <property name="name">Exercise 4</property>
  <property name="description"></property>
  <property name="id">Test Suites/Exercise 4</property>
</record>
<record>
  <date>2024-01-24T13:42:14.471199Z</date>
  <millis>1706103734471</millis>
  <nanos>199000</nanos>
  <sequence>1</sequence>
  <level>RUN_DATA</level>
  <class>com.kms.katalon.core.logging.XmlKeywordLogger</class>
  <method>logMessage</method>
  <thread>1</thread>
  <message>hostName = cucnguyen - 192.168.21.106</message>
  <nestedLevel>0</nestedLevel>
  <escapedJava>false</escapedJava>
  <property name="hostName">cucnguyen - 192.168.21.106</property>
</record>
<record>
  <date>2024-01-24T13:42:14.471469Z</date>
  <millis>1706103734471</millis>
  <nanos>469000</nanos>
  <sequence>2</sequence>
  <level>RUN_DATA</level>
  <class>com.kms.katalon.core.logging.XmlKeywordLogger</class>
  <method>logMessage</method>
  <thread>1</thread>
  <message>os = Mac OS X 64bit</message>
  <nestedLevel>0</nestedLevel>
  <escapedJava>false</escapedJava>
  <property name="os">Mac OS X 64bit</property>
</record>
<record>
  <date>2024-01-24T13:42:14.471675Z</date>
  <millis>1706103734471</millis>
  <nanos>675000</nanos>
  <sequence>3</sequence>
  <level>RUN_DATA</level>
  <class>com.kms.katalon.core.logging.XmlKeywordLogger</class>
  <method>logMessage</method>
  <thread>1</thread>
  <message>hostAddress = 192.168.21.106</message>
  <nestedLevel>0</nestedLevel>
  <escapedJava>false</escapedJava>
  <property name="hostAddress">192.168.21.106</property>
</record>
<record>
  <date>2024-01-24T13:42:14.471893Z</date>
  <millis>1706103734471</millis>
  <nanos>893000</nanos>
  <sequence>4</sequence>
  <level>RUN_DATA</level>
  <class>com.kms.katalon.core.logging.XmlKeywordLogger</class>
  <method>logMessage</method>
  <thread>1</thread>
  <message>katalonVersion = 9.1.0.212</message>
  <nestedLevel>0</nestedLevel>
  <escapedJava>false</escapedJava>
  <property name="katalonVersion">9.1.0.212</property>
</record>
<record>
  <date>2024-01-24T13:42:14.475683Z</date>
  <millis>1706103734475</millis>
  <nanos>683000</nanos>
  <sequence>5</sequence>
  <level>START</level>
  <class>com.kms.katalon.core.logging.XmlKeywordLogger</class>
  <method>startKeyword</method>
  <thread>1</thread>
  <message>Start listener action : sampleBeforeTestSuite</message>
  <nestedLevel>0</nestedLevel>
  <escapedJava>false</escapedJava>
</record>
<record>
  <date>2024-01-24T13:42:14.482489Z</date>
  <millis>1706103734482</millis>
  <nanos>489000</nanos>
  <sequence>7</sequence>
  <level>START</level>
  <class>com.kms.katalon.core.logging.XmlKeywordLogger</class>
  <method>startKeyword</method>
  <thread>1</thread>
  <message>Start action : KatalonHelper.updateInfo()</message>
  <nestedLevel>1</nestedLevel>
  <escapedJava>false</escapedJava>
  <property name="startLine">17</property>
  <property name="stepIndex">1</property>
</record>
<record>
  <date>2024-01-24T13:42:14.508391Z</date>
  <millis>1706103734508</millis>
  <nanos>391000</nanos>
  <sequence>9</sequence>
  <level>END</level>
  <class>com.kms.katalon.core.logging.XmlKeywordLogger</class>
  <method>endKeyword</method>
  <thread>1</thread>
  <message>End action : KatalonHelper.updateInfo()</message>
  <nestedLevel>1</nestedLevel>
  <escapedJava>false</escapedJava>
</record>
<record>
  <date>2024-01-24T13:42:14.508652Z</date>
  <millis>1706103734508</millis>
  <nanos>652000</nanos>
  <sequence>10</sequence>
  <level>END</level>
  <class>com.kms.katalon.core.logging.XmlKeywordLogger</class>
  <method>endKeyword</method>
  <thread>1</thread>
  <message>End listener action : sampleBeforeTestSuite</message>
  <nestedLevel>0</nestedLevel>
  <escapedJava>false</escapedJava>
</record>
<record>
  <date>2024-01-24T13:42:14.508836Z</date>
  <millis>1706103734508</millis>
  <nanos>836000</nanos>
  <sequence>11</sequence>
  <level>START</level>
  <class>com.kms.katalon.core.logging.XmlKeywordLogger</class>
  <method>startKeyword</method>
  <thread>1</thread>
  <message>Start listener action : beforeTestSuite</message>
  <nestedLevel>0</nestedLevel>
  <escapedJava>false</escapedJava>
</record>
<record>
  <date>2024-01-24T13:42:14.509503Z</date>
  <millis>1706103734509</millis>
  <nanos>503000</nanos>
  <sequence>13</sequence>
  <level>START</level>
  <class>com.kms.katalon.core.logging.XmlKeywordLogger</class>
  <method>startKeyword</method>
  <thread>1</thread>
  <message>Start action : callTestCase(findTestCase(&amp;quot;Test Cases/POST Create Token&amp;quot;), [:])</message>
  <nestedLevel>1</nestedLevel>
  <escapedJava>false</escapedJava>
  <property name="startLine">22</property>
  <property name="stepIndex">1</property>
</record>
<record>
  <date>2024-01-24T13:42:14.613995Z</date>
  <millis>1706103734613</millis>
  <nanos>995000</nanos>
  <sequence>16</sequence>
  <level>START</level>
  <class>com.kms.katalon.core.logging.XmlKeywordLogger</class>
  <method>startTest</method>
  <thread>1</thread>
  <message>Start Test Case : Test Cases/POST Create Token</message>
  <nestedLevel>1</nestedLevel>
  <escapedJava>false</escapedJava>
  <property name="name">Test Cases/POST Create Token</property>
  <property name="description"></property>
  <property name="iteration"></property>
  <property name="id">Test Cases/POST Create Token</property>
  <property name="source">\Users\cucnguyen\git\katalonApiExercise\Test Cases\POST Create Token.tc</property>
  <property name="tag"></property>
  <property name="isOptional">false</property>
</record>
<record>
  <date>2024-01-24T13:42:14.710276Z</date>
  <millis>1706103734710</millis>
  <nanos>276000</nanos>
  <sequence>18</sequence>
  <level>START</level>
  <class>com.kms.katalon.core.logging.XmlKeywordLogger</class>
  <method>startKeyword</method>
  <thread>1</thread>
  <message>Start action : response = sendRequest(findTestObject(&amp;quot;POST Create Token&amp;quot;))</message>
  <nestedLevel>1</nestedLevel>
  <escapedJava>false</escapedJava>
  <property name="startLine">25</property>
  <property name="stepIndex">1</property>
  <property name="description">Verify status code </property>
</record>
<record>
  <date>2024-01-24T13:42:17.606639Z</date>
  <millis>1706103737606</millis>
  <nanos>639000</nanos>
  <sequence>21</sequence>
  <level>INFO</level>
  <class>com.kms.katalon.core.logging.XmlKeywordLogger</class>
  <method>logMessage</method>
  <thread>1</thread>
  <message>HAR: /Users/cucnguyen/git/katalonApiExercise/Reports/20240124_204207/Exercise 4/20240124_204208/requests/main/0.har</message>
  <nestedLevel>1</nestedLevel>
  <escapedJava>false</escapedJava>
  <property name="harId">da023971-76a2-40db-b9f7-7667c479d39b</property>
</record>
<record>
  <date>2024-01-24T13:42:17.640605Z</date>
  <millis>1706103737640</millis>
  <nanos>605000</nanos>
  <sequence>22</sequence>
  <level>PASSED</level>
  <class>com.kms.katalon.core.logging.XmlKeywordLogger</class>
  <method>logMessage</method>
  <thread>1</thread>
  <message>Send request successfully</message>
  <nestedLevel>1</nestedLevel>
  <escapedJava>false</escapedJava>
  <property name="testops-method-name">com.kms.katalon.core.webservice.keyword.builtin.SendRequestKeyword.sendRequest</property>
  <property name="testops-execution-stacktrace"></property>
</record>
<record>
  <date>2024-01-24T13:42:17.641727Z</date>
  <millis>1706103737641</millis>
  <nanos>727000</nanos>
  <sequence>23</sequence>
  <level>END</level>
  <class>com.kms.katalon.core.logging.XmlKeywordLogger</class>
  <method>endKeyword</method>
  <thread>1</thread>
  <message>End action : response = sendRequest(findTestObject(&amp;quot;POST Create Token&amp;quot;))</message>
  <nestedLevel>1</nestedLevel>
  <escapedJava>false</escapedJava>
</record>
<record>
  <date>2024-01-24T13:42:17.641926Z</date>
  <millis>1706103737641</millis>
  <nanos>926000</nanos>
  <sequence>24</sequence>
  <level>START</level>
  <class>com.kms.katalon.core.logging.XmlKeywordLogger</class>
  <method>startKeyword</method>
  <thread>1</thread>
  <message>Start action : verifyResponseStatusCode(response, 200)</message>
  <nestedLevel>1</nestedLevel>
  <escapedJava>false</escapedJava>
  <property name="startLine">26</property>
  <property name="stepIndex">2</property>
</record>
<record>
  <date>2024-01-24T13:42:17.647978Z</date>
  <millis>1706103737647</millis>
  <nanos>978000</nanos>
  <sequence>26</sequence>
  <level>PASSED</level>
  <class>com.kms.katalon.core.logging.XmlKeywordLogger</class>
  <method>logMessage</method>
  <thread>1</thread>
  <message>Verify response status code successfully</message>
  <nestedLevel>1</nestedLevel>
  <escapedJava>false</escapedJava>
  <property name="testops-is-assertion">true</property>
  <property name="testops-method-name">com.kms.katalon.core.webservice.keyword.builtin.VerifyResponseStatusCodeKeyword.verifyResponseStatusCode</property>
  <property name="testops-execution-stacktrace"></property>
</record>
<record>
  <date>2024-01-24T13:42:17.649167Z</date>
  <millis>1706103737649</millis>
  <nanos>167000</nanos>
  <sequence>27</sequence>
  <level>END</level>
  <class>com.kms.katalon.core.logging.XmlKeywordLogger</class>
  <method>endKeyword</method>
  <thread>1</thread>
  <message>End action : verifyResponseStatusCode(response, 200)</message>
  <nestedLevel>1</nestedLevel>
  <escapedJava>false</escapedJava>
</record>
<record>
  <date>2024-01-24T13:42:17.649322Z</date>
  <millis>1706103737649</millis>
  <nanos>322000</nanos>
  <sequence>28</sequence>
  <level>START</level>
  <class>com.kms.katalon.core.logging.XmlKeywordLogger</class>
  <method>startKeyword</method>
  <thread>1</thread>
  <message>Start action : responseBody = response.getResponseBodyContent()</message>
  <nestedLevel>1</nestedLevel>
  <escapedJava>false</escapedJava>
  <property name="startLine">29</property>
  <property name="stepIndex">3</property>
  <property name="description">Stored cookie</property>
</record>
<record>
  <date>2024-01-24T13:42:17.652461Z</date>
  <millis>1706103737652</millis>
  <nanos>461000</nanos>
  <sequence>29</sequence>
  <level>END</level>
  <class>com.kms.katalon.core.logging.XmlKeywordLogger</class>
  <method>endKeyword</method>
  <thread>1</thread>
  <message>End action : responseBody = response.getResponseBodyContent()</message>
  <nestedLevel>1</nestedLevel>
  <escapedJava>false</escapedJava>
</record>
<record>
  <date>2024-01-24T13:42:17.652668Z</date>
  <millis>1706103737652</millis>
  <nanos>668000</nanos>
  <sequence>30</sequence>
  <level>START</level>
  <class>com.kms.katalon.core.logging.XmlKeywordLogger</class>
  <method>startKeyword</method>
  <thread>1</thread>
  <message>Start action : jsonResponse = JsonSlurper().parseText(responseBody)</message>
  <nestedLevel>1</nestedLevel>
  <escapedJava>false</escapedJava>
  <property name="startLine">30</property>
  <property name="stepIndex">4</property>
</record>
<record>
  <date>2024-01-24T13:42:17.659691Z</date>
  <millis>1706103737659</millis>
  <nanos>691000</nanos>
  <sequence>31</sequence>
  <level>END</level>
  <class>com.kms.katalon.core.logging.XmlKeywordLogger</class>
  <method>endKeyword</method>
  <thread>1</thread>
  <message>End action : jsonResponse = JsonSlurper().parseText(responseBody)</message>
  <nestedLevel>1</nestedLevel>
  <escapedJava>false</escapedJava>
</record>
<record>
  <date>2024-01-24T13:42:17.659899Z</date>
  <millis>1706103737659</millis>
  <nanos>899000</nanos>
  <sequence>32</sequence>
  <level>START</level>
  <class>com.kms.katalon.core.logging.XmlKeywordLogger</class>
  <method>startKeyword</method>
  <thread>1</thread>
  <message>Start action : token = token</message>
  <nestedLevel>1</nestedLevel>
  <escapedJava>false</escapedJava>
  <property name="startLine">31</property>
  <property name="stepIndex">5</property>
</record>
<record>
  <date>2024-01-24T13:42:17.663589Z</date>
  <millis>1706103737663</millis>
  <nanos>589000</nanos>
  <sequence>33</sequence>
  <level>END</level>
  <class>com.kms.katalon.core.logging.XmlKeywordLogger</class>
  <method>endKeyword</method>
  <thread>1</thread>
  <message>End action : token = token</message>
  <nestedLevel>1</nestedLevel>
  <escapedJava>false</escapedJava>
</record>
<record>
  <date>2024-01-24T13:42:17.663815Z</date>
  <millis>1706103737663</millis>
  <nanos>815000</nanos>
  <sequence>34</sequence>
  <level>START</level>
  <class>com.kms.katalon.core.logging.XmlKeywordLogger</class>
  <method>startKeyword</method>
  <thread>1</thread>
  <message>Start action : cookie = &amp;quot;token=&amp;quot; + token</message>
  <nestedLevel>1</nestedLevel>
  <escapedJava>false</escapedJava>
  <property name="startLine">32</property>
  <property name="stepIndex">6</property>
</record>
<record>
  <date>2024-01-24T13:42:17.664961Z</date>
  <millis>1706103737664</millis>
  <nanos>961000</nanos>
  <sequence>35</sequence>
  <level>END</level>
  <class>com.kms.katalon.core.logging.XmlKeywordLogger</class>
  <method>endKeyword</method>
  <thread>1</thread>
  <message>End action : cookie = &amp;quot;token=&amp;quot; + token</message>
  <nestedLevel>1</nestedLevel>
  <escapedJava>false</escapedJava>
</record>
<record>
  <date>2024-01-24T13:42:17.665111Z</date>
  <millis>1706103737665</millis>
  <nanos>111000</nanos>
  <sequence>36</sequence>
  <level>START</level>
  <class>com.kms.katalon.core.logging.XmlKeywordLogger</class>
  <method>startKeyword</method>
  <thread>1</thread>
  <message>Start action : cookie = cookie</message>
  <nestedLevel>1</nestedLevel>
  <escapedJava>false</escapedJava>
  <property name="startLine">33</property>
  <property name="stepIndex">7</property>
</record>
<record>
  <date>2024-01-24T13:42:17.665774Z</date>
  <millis>1706103737665</millis>
  <nanos>774000</nanos>
  <sequence>37</sequence>
  <level>END</level>
  <class>com.kms.katalon.core.logging.XmlKeywordLogger</class>
  <method>endKeyword</method>
  <thread>1</thread>
  <message>End action : cookie = cookie</message>
  <nestedLevel>1</nestedLevel>
  <escapedJava>false</escapedJava>
</record>
<record>
  <date>2024-01-24T13:42:17.665898Z</date>
  <millis>1706103737665</millis>
  <nanos>898000</nanos>
  <sequence>38</sequence>
  <level>START</level>
  <class>com.kms.katalon.core.logging.XmlKeywordLogger</class>
  <method>startKeyword</method>
  <thread>1</thread>
  <message>Start action : println(&amp;quot;Cookie &amp;quot; + cookie)</message>
  <nestedLevel>1</nestedLevel>
  <escapedJava>false</escapedJava>
  <property name="startLine">34</property>
  <property name="stepIndex">8</property>
</record>
<record>
  <date>2024-01-24T13:42:17.667948Z</date>
  <millis>1706103737667</millis>
  <nanos>948000</nanos>
  <sequence>39</sequence>
  <level>END</level>
  <class>com.kms.katalon.core.logging.XmlKeywordLogger</class>
  <method>endKeyword</method>
  <thread>1</thread>
  <message>End action : println(&amp;quot;Cookie &amp;quot; + cookie)</message>
  <nestedLevel>1</nestedLevel>
  <escapedJava>false</escapedJava>
</record>
<record>
  <date>2024-01-24T13:42:17.668218Z</date>
  <millis>1706103737668</millis>
  <nanos>218000</nanos>
  <sequence>40</sequence>
  <level>PASSED</level>
  <class>com.kms.katalon.core.logging.XmlKeywordLogger</class>
  <method>logMessage</method>
  <thread>1</thread>
  <message>Test Cases/POST Create Token</message>
  <nestedLevel>1</nestedLevel>
  <escapedJava>false</escapedJava>
</record>
<record>
  <date>2024-01-24T13:42:17.668435Z</date>
  <millis>1706103737668</millis>
  <nanos>435000</nanos>
  <sequence>41</sequence>
  <level>END</level>
  <class>com.kms.katalon.core.logging.XmlKeywordLogger</class>
  <method>endTest</method>
  <thread>1</thread>
  <message>End Test Case : Test Cases/POST Create Token</message>
  <nestedLevel>0</nestedLevel>
  <escapedJava>false</escapedJava>
</record>
<record>
  <date>2024-01-24T13:42:17.671634Z</date>
  <millis>1706103737671</millis>
  <nanos>634000</nanos>
  <sequence>42</sequence>
  <level>PASSED</level>
  <class>com.kms.katalon.core.logging.XmlKeywordLogger</class>
  <method>logMessage</method>
  <thread>1</thread>
  <message>Call Test Case &amp;apos;Test Cases/POST Create Token&amp;apos; successfully</message>
  <nestedLevel>0</nestedLevel>
  <escapedJava>false</escapedJava>
  <property name="testops-method-name">com.kms.katalon.core.keyword.builtin.CallTestCaseKeyword.callTestCase</property>
  <property name="testops-execution-stacktrace"></property>
</record>
<record>
  <date>2024-01-24T13:42:17.673305Z</date>
  <millis>1706103737673</millis>
  <nanos>305000</nanos>
  <sequence>44</sequence>
  <level>END</level>
  <class>com.kms.katalon.core.logging.XmlKeywordLogger</class>
  <method>endKeyword</method>
  <thread>1</thread>
  <message>End action : callTestCase(findTestCase(&amp;quot;Test Cases/POST Create Token&amp;quot;), [:])</message>
  <nestedLevel>1</nestedLevel>
  <escapedJava>false</escapedJava>
</record>
<record>
  <date>2024-01-24T13:42:17.673459Z</date>
  <millis>1706103737673</millis>
  <nanos>459000</nanos>
  <sequence>45</sequence>
  <level>END</level>
  <class>com.kms.katalon.core.logging.XmlKeywordLogger</class>
  <method>endKeyword</method>
  <thread>1</thread>
  <message>End listener action : beforeTestSuite</message>
  <nestedLevel>0</nestedLevel>
  <escapedJava>false</escapedJava>
</record>
<record>
  <date>2024-01-24T13:42:17.688383Z</date>
  <millis>1706103737688</millis>
  <nanos>383000</nanos>
  <sequence>46</sequence>
  <level>START</level>
  <class>com.kms.katalon.core.logging.XmlKeywordLogger</class>
  <method>startTest</method>
  <thread>1</thread>
  <message>Start Test Case : Test Cases/Ex 4- PATCH_DELETE Booking</message>
  <nestedLevel>1</nestedLevel>
  <escapedJava>false</escapedJava>
  <property name="remainingRetryCount">0</property>
  <property name="name">Test Cases/Ex 4- PATCH_DELETE Booking</property>
  <property name="description"></property>
  <property name="iteration"></property>
  <property name="id">Test Cases/Ex 4- PATCH_DELETE Booking</property>
  <property name="source">\Users\cucnguyen\git\katalonApiExercise\Test Cases\Ex 4- PATCH_DELETE Booking.tc</property>
  <property name="tag"></property>
  <property name="isOptional">false</property>
  <property name="currentRetryCount">0</property>
</record>
<record>
  <date>2024-01-24T13:42:17.717405Z</date>
  <millis>1706103737717</millis>
  <nanos>405000</nanos>
  <sequence>48</sequence>
  <level>INFO</level>
  <class>com.kms.katalon.core.logging.XmlKeywordLogger</class>
  <method>logMessage</method>
  <thread>1</thread>
  <message>(Default) firstNameUpdate = Son</message>
  <nestedLevel>1</nestedLevel>
  <escapedJava>false</escapedJava>
</record>
<record>
  <date>2024-01-24T13:42:17.721387Z</date>
  <millis>1706103737721</millis>
  <nanos>387000</nanos>
  <sequence>49</sequence>
  <level>INFO</level>
  <class>com.kms.katalon.core.logging.XmlKeywordLogger</class>
  <method>logMessage</method>
  <thread>1</thread>
  <message>(Default) lastNameUpdate = Tung</message>
  <nestedLevel>1</nestedLevel>
  <escapedJava>false</escapedJava>
</record>
<record>
  <date>2024-01-24T13:42:17.756020Z</date>
  <millis>1706103737756</millis>
  <nanos>20000</nanos>
  <sequence>50</sequence>
  <level>START</level>
  <class>com.kms.katalon.core.logging.XmlKeywordLogger</class>
  <method>startKeyword</method>
  <thread>1</thread>
  <message>Start action : firstName = sample.Common.generateRandomString()</message>
  <nestedLevel>1</nestedLevel>
  <escapedJava>false</escapedJava>
  <property name="startLine">31</property>
  <property name="stepIndex">1</property>
</record>
<record>
  <date>2024-01-24T13:42:17.773597Z</date>
  <millis>1706103737773</millis>
  <nanos>597000</nanos>
  <sequence>51</sequence>
  <level>PASSED</level>
  <class>com.kms.katalon.core.logging.XmlKeywordLogger</class>
  <method>logMessage</method>
  <thread>1</thread>
  <message>sample.Common.generateRandomString is PASSED</message>
  <nestedLevel>1</nestedLevel>
  <escapedJava>false</escapedJava>
</record>
<record>
  <date>2024-01-24T13:42:17.774314Z</date>
  <millis>1706103737774</millis>
  <nanos>314000</nanos>
  <sequence>52</sequence>
  <level>END</level>
  <class>com.kms.katalon.core.logging.XmlKeywordLogger</class>
  <method>endKeyword</method>
  <thread>1</thread>
  <message>End action : firstName = sample.Common.generateRandomString()</message>
  <nestedLevel>1</nestedLevel>
  <escapedJava>false</escapedJava>
</record>
<record>
  <date>2024-01-24T13:42:17.774445Z</date>
  <millis>1706103737774</millis>
  <nanos>445000</nanos>
  <sequence>53</sequence>
  <level>START</level>
  <class>com.kms.katalon.core.logging.XmlKeywordLogger</class>
  <method>startKeyword</method>
  <thread>1</thread>
  <message>Start action : lastName = sample.Common.generateRandomString()</message>
  <nestedLevel>1</nestedLevel>
  <escapedJava>false</escapedJava>
  <property name="startLine">32</property>
  <property name="stepIndex">2</property>
</record>
<record>
  <date>2024-01-24T13:42:17.775133Z</date>
  <millis>1706103737775</millis>
  <nanos>133000</nanos>
  <sequence>54</sequence>
  <level>PASSED</level>
  <class>com.kms.katalon.core.logging.XmlKeywordLogger</class>
  <method>logMessage</method>
  <thread>1</thread>
  <message>sample.Common.generateRandomString is PASSED</message>
  <nestedLevel>1</nestedLevel>
  <escapedJava>false</escapedJava>
</record>
<record>
  <date>2024-01-24T13:42:17.775833Z</date>
  <millis>1706103737775</millis>
  <nanos>833000</nanos>
  <sequence>55</sequence>
  <level>END</level>
  <class>com.kms.katalon.core.logging.XmlKeywordLogger</class>
  <method>endKeyword</method>
  <thread>1</thread>
  <message>End action : lastName = sample.Common.generateRandomString()</message>
  <nestedLevel>1</nestedLevel>
  <escapedJava>false</escapedJava>
</record>
<record>
  <date>2024-01-24T13:42:17.775948Z</date>
  <millis>1706103737775</millis>
  <nanos>948000</nanos>
  <sequence>56</sequence>
  <level>START</level>
  <class>com.kms.katalon.core.logging.XmlKeywordLogger</class>
  <method>startKeyword</method>
  <thread>1</thread>
  <message>Start action : response = sendRequest(findTestObject(&amp;quot;Object Repository/POST Create booking&amp;quot;, [&amp;quot;firstName&amp;quot;:firstName, &amp;quot;lastName&amp;quot;:lastName]))</message>
  <nestedLevel>1</nestedLevel>
  <escapedJava>false</escapedJava>
  <property name="startLine">35</property>
  <property name="stepIndex">3</property>
  <property name="description">Send request create booking</property>
</record>
<record>
  <date>2024-01-24T13:42:19.387968Z</date>
  <millis>1706103739387</millis>
  <nanos>968000</nanos>
  <sequence>59</sequence>
  <level>INFO</level>
  <class>com.kms.katalon.core.logging.XmlKeywordLogger</class>
  <method>logMessage</method>
  <thread>1</thread>
  <message>HAR: /Users/cucnguyen/git/katalonApiExercise/Reports/20240124_204207/Exercise 4/20240124_204208/requests/main/1.har</message>
  <nestedLevel>1</nestedLevel>
  <escapedJava>false</escapedJava>
  <property name="harId">37f79153-daf8-401a-8f65-5ea69d6ea82f</property>
</record>
<record>
  <date>2024-01-24T13:42:19.397953Z</date>
  <millis>1706103739397</millis>
  <nanos>953000</nanos>
  <sequence>60</sequence>
  <level>PASSED</level>
  <class>com.kms.katalon.core.logging.XmlKeywordLogger</class>
  <method>logMessage</method>
  <thread>1</thread>
  <message>Send request successfully</message>
  <nestedLevel>1</nestedLevel>
  <escapedJava>false</escapedJava>
  <property name="testops-method-name">com.kms.katalon.core.webservice.keyword.builtin.SendRequestKeyword.sendRequest</property>
  <property name="testops-execution-stacktrace"></property>
</record>
<record>
  <date>2024-01-24T13:42:19.402863Z</date>
  <millis>1706103739402</millis>
  <nanos>863000</nanos>
  <sequence>61</sequence>
  <level>END</level>
  <class>com.kms.katalon.core.logging.XmlKeywordLogger</class>
  <method>endKeyword</method>
  <thread>1</thread>
  <message>End action : response = sendRequest(findTestObject(&amp;quot;Object Repository/POST Create booking&amp;quot;, [&amp;quot;firstName&amp;quot;:firstName, &amp;quot;lastName&amp;quot;:lastName]))</message>
  <nestedLevel>1</nestedLevel>
  <escapedJava>false</escapedJava>
</record>
<record>
  <date>2024-01-24T13:42:19.403951Z</date>
  <millis>1706103739403</millis>
  <nanos>951000</nanos>
  <sequence>62</sequence>
  <level>START</level>
  <class>com.kms.katalon.core.logging.XmlKeywordLogger</class>
  <method>startKeyword</method>
  <thread>1</thread>
  <message>Start action : verifyResponseStatusCode(response, 200)</message>
  <nestedLevel>1</nestedLevel>
  <escapedJava>false</escapedJava>
  <property name="startLine">38</property>
  <property name="stepIndex">4</property>
  <property name="description">The status should be 200</property>
</record>
<record>
  <date>2024-01-24T13:42:19.407499Z</date>
  <millis>1706103739407</millis>
  <nanos>499000</nanos>
  <sequence>64</sequence>
  <level>PASSED</level>
  <class>com.kms.katalon.core.logging.XmlKeywordLogger</class>
  <method>logMessage</method>
  <thread>1</thread>
  <message>Verify response status code successfully</message>
  <nestedLevel>1</nestedLevel>
  <escapedJava>false</escapedJava>
  <property name="testops-is-assertion">true</property>
  <property name="testops-method-name">com.kms.katalon.core.webservice.keyword.builtin.VerifyResponseStatusCodeKeyword.verifyResponseStatusCode</property>
  <property name="testops-execution-stacktrace"></property>
</record>
<record>
  <date>2024-01-24T13:42:19.409994Z</date>
  <millis>1706103739409</millis>
  <nanos>994000</nanos>
  <sequence>65</sequence>
  <level>END</level>
  <class>com.kms.katalon.core.logging.XmlKeywordLogger</class>
  <method>endKeyword</method>
  <thread>1</thread>
  <message>End action : verifyResponseStatusCode(response, 200)</message>
  <nestedLevel>1</nestedLevel>
  <escapedJava>false</escapedJava>
</record>
<record>
  <date>2024-01-24T13:42:19.410661Z</date>
  <millis>1706103739410</millis>
  <nanos>661000</nanos>
  <sequence>66</sequence>
  <level>START</level>
  <class>com.kms.katalon.core.logging.XmlKeywordLogger</class>
  <method>startKeyword</method>
  <thread>1</thread>
  <message>Start action : verifyElementPropertyValue(response, &amp;quot;booking.firstname&amp;quot;, $firstName)</message>
  <nestedLevel>1</nestedLevel>
  <escapedJava>false</escapedJava>
  <property name="startLine">41</property>
  <property name="stepIndex">5</property>
  <property name="description">Verify response</property>
</record>
<record>
  <date>2024-01-24T13:42:19.440307Z</date>
  <millis>1706103739440</millis>
  <nanos>307000</nanos>
  <sequence>68</sequence>
  <level>PASSED</level>
  <class>com.kms.katalon.core.logging.XmlKeywordLogger</class>
  <method>logMessage</method>
  <thread>1</thread>
  <message>Verify element property value successfully</message>
  <nestedLevel>1</nestedLevel>
  <escapedJava>false</escapedJava>
  <property name="testops-is-assertion">true</property>
  <property name="testops-method-name">com.kms.katalon.core.webservice.keyword.builtin.VerifyElementPropertyValueKeyword.verifyElementPropertyValue</property>
  <property name="testops-execution-stacktrace"></property>
</record>
<record>
  <date>2024-01-24T13:42:19.441464Z</date>
  <millis>1706103739441</millis>
  <nanos>464000</nanos>
  <sequence>69</sequence>
  <level>END</level>
  <class>com.kms.katalon.core.logging.XmlKeywordLogger</class>
  <method>endKeyword</method>
  <thread>1</thread>
  <message>End action : verifyElementPropertyValue(response, &amp;quot;booking.firstname&amp;quot;, $firstName)</message>
  <nestedLevel>1</nestedLevel>
  <escapedJava>false</escapedJava>
</record>
<record>
  <date>2024-01-24T13:42:19.441678Z</date>
  <millis>1706103739441</millis>
  <nanos>678000</nanos>
  <sequence>70</sequence>
  <level>START</level>
  <class>com.kms.katalon.core.logging.XmlKeywordLogger</class>
  <method>startKeyword</method>
  <thread>1</thread>
  <message>Start action : verifyElementPropertyValue(response, &amp;quot;booking.lastname&amp;quot;, $lastName)</message>
  <nestedLevel>1</nestedLevel>
  <escapedJava>false</escapedJava>
  <property name="startLine">42</property>
  <property name="stepIndex">6</property>
</record>
<record>
  <date>2024-01-24T13:42:19.467256Z</date>
  <millis>1706103739467</millis>
  <nanos>256000</nanos>
  <sequence>72</sequence>
  <level>PASSED</level>
  <class>com.kms.katalon.core.logging.XmlKeywordLogger</class>
  <method>logMessage</method>
  <thread>1</thread>
  <message>Verify element property value successfully</message>
  <nestedLevel>1</nestedLevel>
  <escapedJava>false</escapedJava>
  <property name="testops-is-assertion">true</property>
  <property name="testops-method-name">com.kms.katalon.core.webservice.keyword.builtin.VerifyElementPropertyValueKeyword.verifyElementPropertyValue</property>
  <property name="testops-execution-stacktrace"></property>
</record>
<record>
  <date>2024-01-24T13:42:19.468151Z</date>
  <millis>1706103739468</millis>
  <nanos>151000</nanos>
  <sequence>73</sequence>
  <level>END</level>
  <class>com.kms.katalon.core.logging.XmlKeywordLogger</class>
  <method>endKeyword</method>
  <thread>1</thread>
  <message>End action : verifyElementPropertyValue(response, &amp;quot;booking.lastname&amp;quot;, $lastName)</message>
  <nestedLevel>1</nestedLevel>
  <escapedJava>false</escapedJava>
</record>
<record>
  <date>2024-01-24T13:42:19.468277Z</date>
  <millis>1706103739468</millis>
  <nanos>277000</nanos>
  <sequence>74</sequence>
  <level>START</level>
  <class>com.kms.katalon.core.logging.XmlKeywordLogger</class>
  <method>startKeyword</method>
  <thread>1</thread>
  <message>Start action : id = getElementPropertyValue(response, &amp;quot;bookingid&amp;quot;)</message>
  <nestedLevel>1</nestedLevel>
  <escapedJava>false</escapedJava>
  <property name="startLine">44</property>
  <property name="stepIndex">7</property>
</record>
<record>
  <date>2024-01-24T13:42:19.480319Z</date>
  <millis>1706103739480</millis>
  <nanos>319000</nanos>
  <sequence>76</sequence>
  <level>END</level>
  <class>com.kms.katalon.core.logging.XmlKeywordLogger</class>
  <method>endKeyword</method>
  <thread>1</thread>
  <message>End action : id = getElementPropertyValue(response, &amp;quot;bookingid&amp;quot;)</message>
  <nestedLevel>1</nestedLevel>
  <escapedJava>false</escapedJava>
</record>
<record>
  <date>2024-01-24T13:42:19.480513Z</date>
  <millis>1706103739480</millis>
  <nanos>513000</nanos>
  <sequence>77</sequence>
  <level>START</level>
  <class>com.kms.katalon.core.logging.XmlKeywordLogger</class>
  <method>startKeyword</method>
  <thread>1</thread>
  <message>Start action : firstNameUpdate = $firstNameUpdate</message>
  <nestedLevel>1</nestedLevel>
  <escapedJava>false</escapedJava>
  <property name="startLine">45</property>
  <property name="stepIndex">8</property>
</record>
<record>
  <date>2024-01-24T13:42:19.481297Z</date>
  <millis>1706103739481</millis>
  <nanos>297000</nanos>
  <sequence>78</sequence>
  <level>END</level>
  <class>com.kms.katalon.core.logging.XmlKeywordLogger</class>
  <method>endKeyword</method>
  <thread>1</thread>
  <message>End action : firstNameUpdate = $firstNameUpdate</message>
  <nestedLevel>1</nestedLevel>
  <escapedJava>false</escapedJava>
</record>
<record>
  <date>2024-01-24T13:42:19.481396Z</date>
  <millis>1706103739481</millis>
  <nanos>396000</nanos>
  <sequence>79</sequence>
  <level>START</level>
  <class>com.kms.katalon.core.logging.XmlKeywordLogger</class>
  <method>startKeyword</method>
  <thread>1</thread>
  <message>Start action : lastNameUpdate = $lastNameUpdate</message>
  <nestedLevel>1</nestedLevel>
  <escapedJava>false</escapedJava>
  <property name="startLine">46</property>
  <property name="stepIndex">9</property>
</record>
<record>
  <date>2024-01-24T13:42:19.481904Z</date>
  <millis>1706103739481</millis>
  <nanos>904000</nanos>
  <sequence>80</sequence>
  <level>END</level>
  <class>com.kms.katalon.core.logging.XmlKeywordLogger</class>
  <method>endKeyword</method>
  <thread>1</thread>
  <message>End action : lastNameUpdate = $lastNameUpdate</message>
  <nestedLevel>1</nestedLevel>
  <escapedJava>false</escapedJava>
</record>
<record>
  <date>2024-01-24T13:42:19.482002Z</date>
  <millis>1706103739482</millis>
  <nanos>2000</nanos>
  <sequence>81</sequence>
  <level>START</level>
  <class>com.kms.katalon.core.logging.XmlKeywordLogger</class>
  <method>startKeyword</method>
  <thread>1</thread>
  <message>Start action : println(&amp;quot;first name_ lastname: &amp;quot; + firstNameUpdate + lastNameUpdate)</message>
  <nestedLevel>1</nestedLevel>
  <escapedJava>false</escapedJava>
  <property name="startLine">47</property>
  <property name="stepIndex">10</property>
</record>
<record>
  <date>2024-01-24T13:42:19.482862Z</date>
  <millis>1706103739482</millis>
  <nanos>862000</nanos>
  <sequence>82</sequence>
  <level>END</level>
  <class>com.kms.katalon.core.logging.XmlKeywordLogger</class>
  <method>endKeyword</method>
  <thread>1</thread>
  <message>End action : println(&amp;quot;first name_ lastname: &amp;quot; + firstNameUpdate + lastNameUpdate)</message>
  <nestedLevel>1</nestedLevel>
  <escapedJava>false</escapedJava>
</record>
<record>
  <date>2024-01-24T13:42:19.482983Z</date>
  <millis>1706103739482</millis>
  <nanos>983000</nanos>
  <sequence>83</sequence>
  <level>START</level>
  <class>com.kms.katalon.core.logging.XmlKeywordLogger</class>
  <method>startKeyword</method>
  <thread>1</thread>
  <message>Start action : responseObject = sendRequest(findTestObject(&amp;quot;Object Repository/PATCH Update Booking&amp;quot;, [&amp;quot;id&amp;quot;:id, &amp;quot;fName&amp;quot;:firstNameUpdate, &amp;quot;lName&amp;quot;:lastNameUpdate]))</message>
  <nestedLevel>1</nestedLevel>
  <escapedJava>false</escapedJava>
  <property name="startLine">50</property>
  <property name="stepIndex">11</property>
  <property name="description">Send request update first name and last name</property>
</record>
<record>
  <date>2024-01-24T13:42:20.986040Z</date>
  <millis>1706103740986</millis>
  <nanos>40000</nanos>
  <sequence>86</sequence>
  <level>INFO</level>
  <class>com.kms.katalon.core.logging.XmlKeywordLogger</class>
  <method>logMessage</method>
  <thread>1</thread>
  <message>HAR: /Users/cucnguyen/git/katalonApiExercise/Reports/20240124_204207/Exercise 4/20240124_204208/requests/main/2.har</message>
  <nestedLevel>1</nestedLevel>
  <escapedJava>false</escapedJava>
  <property name="harId">21a8682e-085b-45be-b1cf-8dd44d65b6f4</property>
</record>
<record>
  <date>2024-01-24T13:42:20.989229Z</date>
  <millis>1706103740989</millis>
  <nanos>229000</nanos>
  <sequence>87</sequence>
  <level>PASSED</level>
  <class>com.kms.katalon.core.logging.XmlKeywordLogger</class>
  <method>logMessage</method>
  <thread>1</thread>
  <message>Send request successfully</message>
  <nestedLevel>1</nestedLevel>
  <escapedJava>false</escapedJava>
  <property name="testops-method-name">com.kms.katalon.core.webservice.keyword.builtin.SendRequestKeyword.sendRequest</property>
  <property name="testops-execution-stacktrace"></property>
</record>
<record>
  <date>2024-01-24T13:42:20.994942Z</date>
  <millis>1706103740994</millis>
  <nanos>942000</nanos>
  <sequence>88</sequence>
  <level>END</level>
  <class>com.kms.katalon.core.logging.XmlKeywordLogger</class>
  <method>endKeyword</method>
  <thread>1</thread>
  <message>End action : responseObject = sendRequest(findTestObject(&amp;quot;Object Repository/PATCH Update Booking&amp;quot;, [&amp;quot;id&amp;quot;:id, &amp;quot;fName&amp;quot;:firstNameUpdate, &amp;quot;lName&amp;quot;:lastNameUpdate]))</message>
  <nestedLevel>1</nestedLevel>
  <escapedJava>false</escapedJava>
</record>
<record>
  <date>2024-01-24T13:42:20.995576Z</date>
  <millis>1706103740995</millis>
  <nanos>576000</nanos>
  <sequence>89</sequence>
  <level>START</level>
  <class>com.kms.katalon.core.logging.XmlKeywordLogger</class>
  <method>startKeyword</method>
  <thread>1</thread>
  <message>Start action : verifyResponseStatusCode(responseObject, 200)</message>
  <nestedLevel>1</nestedLevel>
  <escapedJava>false</escapedJava>
  <property name="startLine">52</property>
  <property name="stepIndex">12</property>
  <property name="description">Verify status code</property>
</record>
<record>
  <date>2024-01-24T13:42:21.009805Z</date>
  <millis>1706103741009</millis>
  <nanos>805000</nanos>
  <sequence>92</sequence>
  <level>FAILED</level>
  <class>com.kms.katalon.core.logging.XmlKeywordLogger</class>
  <method>logMessage</method>
  <thread>1</thread>
  <message>Expected status code is &amp;apos;200&amp;apos; but actual status code is &amp;apos;400&amp;apos;</message>
  <nestedLevel>1</nestedLevel>
  <escapedJava>false</escapedJava>
  <property name="testops-is-assertion">true</property>
  <property name="testops-method-name">com.kms.katalon.core.webservice.keyword.builtin.VerifyResponseStatusCodeKeyword.verifyResponseStatusCode</property>
  <property name="testops-execution-stacktrace">com.kms.katalon.core.logging.testops.TestOpsLogHelper.handleFailedLogEntry(TestOpsLogHelper.java:112)
com.kms.katalon.core.logging.KeywordLogger.logFailed(KeywordLogger.java:290)
com.kms.katalon.core.keyword.internal.KeywordMain.stepFailed(KeywordMain.groovy:43)
com.kms.katalon.core.webservice.keyword.builtin.VerifyResponseStatusCodeKeyword.verifyStatusCode(VerifyResponseStatusCodeKeyword.groovy:52)
com.kms.katalon.core.webservice.keyword.builtin.VerifyResponseStatusCodeKeyword.access$0(VerifyResponseStatusCodeKeyword.groovy)
com.kms.katalon.core.webservice.keyword.builtin.VerifyResponseStatusCodeKeyword$_verifyResponseStatusCode_closure1.doCall(VerifyResponseStatusCodeKeyword.groovy:42)
com.kms.katalon.core.webservice.keyword.builtin.VerifyResponseStatusCodeKeyword$_verifyResponseStatusCode_closure1.call(VerifyResponseStatusCodeKeyword.groovy)
com.kms.katalon.core.keyword.internal.KeywordMain.runKeyword(KeywordMain.groovy:75)
com.kms.katalon.core.webservice.keyword.builtin.VerifyResponseStatusCodeKeyword.verifyResponseStatusCode(VerifyResponseStatusCodeKeyword.groovy:37)
com.kms.katalon.core.webservice.keyword.builtin.VerifyResponseStatusCodeKeyword.execute(VerifyResponseStatusCodeKeyword.groovy:32)
com.kms.katalon.core.keyword.internal.KeywordExecutor.executeKeywordForPlatform(KeywordExecutor.groovy:74)
com.kms.katalon.core.webservice.keyword.WSBuiltInKeywords.verifyResponseStatusCode(WSBuiltInKeywords.groovy:345)
Ex 4- PATCH_DELETE Booking.run(Ex 4- PATCH_DELETE Booking:52)
</property>
</record>
<record>
  <date>2024-01-24T13:42:21.017575Z</date>
  <millis>1706103741017</millis>
  <nanos>575000</nanos>
  <sequence>96</sequence>
  <level>FAILED</level>
  <class>com.kms.katalon.core.logging.XmlKeywordLogger</class>
  <method>logMessage</method>
  <thread>1</thread>
  <message>Unable to verify response status code (Root cause: com.kms.katalon.core.exception.StepFailedException: Expected status code is &amp;apos;200&amp;apos; but actual status code is &amp;apos;400&amp;apos;
	at com.kms.katalon.core.keyword.internal.KeywordMain.stepFailed(KeywordMain.groovy:51)
	at com.kms.katalon.core.webservice.keyword.builtin.VerifyResponseStatusCodeKeyword.verifyStatusCode(VerifyResponseStatusCodeKeyword.groovy:52)
	at com.kms.katalon.core.webservice.keyword.builtin.VerifyResponseStatusCodeKeyword.access$0(VerifyResponseStatusCodeKeyword.groovy)
	at com.kms.katalon.core.webservice.keyword.builtin.VerifyResponseStatusCodeKeyword$_verifyResponseStatusCode_closure1.doCall(VerifyResponseStatusCodeKeyword.groovy:42)
	at com.kms.katalon.core.webservice.keyword.builtin.VerifyResponseStatusCodeKeyword$_verifyResponseStatusCode_closure1.call(VerifyResponseStatusCodeKeyword.groovy)
	at com.kms.katalon.core.keyword.internal.KeywordMain.runKeyword(KeywordMain.groovy:75)
	at com.kms.katalon.core.webservice.keyword.builtin.VerifyResponseStatusCodeKeyword.verifyResponseStatusCode(VerifyResponseStatusCodeKeyword.groovy:37)
	at com.kms.katalon.core.webservice.keyword.builtin.VerifyResponseStatusCodeKeyword.execute(VerifyResponseStatusCodeKeyword.groovy:32)
	at com.kms.katalon.core.keyword.internal.KeywordExecutor.executeKeywordForPlatform(KeywordExecutor.groovy:74)
	at com.kms.katalon.core.webservice.keyword.WSBuiltInKeywords.verifyResponseStatusCode(WSBuiltInKeywords.groovy:345)
	at Ex 4- PATCH_DELETE Booking.run(Ex 4- PATCH_DELETE Booking:52)
	at com.kms.katalon.core.main.ScriptEngine.run(ScriptEngine.java:194)
	at com.kms.katalon.core.main.ScriptEngine.runScriptAsRawText(ScriptEngine.java:119)
	at com.kms.katalon.core.main.TestCaseExecutor.runScript(TestCaseExecutor.java:448)
	at com.kms.katalon.core.main.TestCaseExecutor.doExecute(TestCaseExecutor.java:439)
	at com.kms.katalon.core.main.TestCaseExecutor.processExecutionPhase(TestCaseExecutor.java:418)
	at com.kms.katalon.core.main.TestCaseExecutor.accessMainPhase(TestCaseExecutor.java:410)
	at com.kms.katalon.core.main.TestCaseExecutor.execute(TestCaseExecutor.java:285)
	at com.kms.katalon.core.common.CommonExecutor.accessTestCaseMainPhase(CommonExecutor.java:65)
	at com.kms.katalon.core.main.TestSuiteExecutor.accessTestSuiteMainPhase(TestSuiteExecutor.java:148)
	at com.kms.katalon.core.main.TestSuiteExecutor.execute(TestSuiteExecutor.java:106)
	at com.kms.katalon.core.main.TestCaseMain.startTestSuite(TestCaseMain.java:180)
	at TempTestSuite1706103728697.run(TempTestSuite1706103728697.groovy:36)
	at java.base/jdk.internal.reflect.NativeMethodAccessorImpl.invoke0(Native Method)
	at java.base/jdk.internal.reflect.NativeMethodAccessorImpl.invoke(NativeMethodAccessorImpl.java:77)
	at java.base/jdk.internal.reflect.DelegatingMethodAccessorImpl.invoke(DelegatingMethodAccessorImpl.java:43)
)</message>
  <nestedLevel>1</nestedLevel>
  <escapedJava>false</escapedJava>
  <property name="failed.exception.stacktrace">com.kms.katalon.core.exception.StepFailedException: Expected status code is &apos;200&apos; but actual status code is &apos;400&apos;
	at com.kms.katalon.core.keyword.internal.KeywordMain.stepFailed(KeywordMain.groovy:51)
	at com.kms.katalon.core.webservice.keyword.builtin.VerifyResponseStatusCodeKeyword.verifyStatusCode(VerifyResponseStatusCodeKeyword.groovy:52)
	at com.kms.katalon.core.webservice.keyword.builtin.VerifyResponseStatusCodeKeyword.access$0(VerifyResponseStatusCodeKeyword.groovy)
	at com.kms.katalon.core.webservice.keyword.builtin.VerifyResponseStatusCodeKeyword$_verifyResponseStatusCode_closure1.doCall(VerifyResponseStatusCodeKeyword.groovy:42)
	at com.kms.katalon.core.webservice.keyword.builtin.VerifyResponseStatusCodeKeyword$_verifyResponseStatusCode_closure1.call(VerifyResponseStatusCodeKeyword.groovy)
	at com.kms.katalon.core.keyword.internal.KeywordMain.runKeyword(KeywordMain.groovy:75)
	at com.kms.katalon.core.webservice.keyword.builtin.VerifyResponseStatusCodeKeyword.verifyResponseStatusCode(VerifyResponseStatusCodeKeyword.groovy:37)
	at com.kms.katalon.core.webservice.keyword.builtin.VerifyResponseStatusCodeKeyword.execute(VerifyResponseStatusCodeKeyword.groovy:32)
	at com.kms.katalon.core.keyword.internal.KeywordExecutor.executeKeywordForPlatform(KeywordExecutor.groovy:74)
	at com.kms.katalon.core.webservice.keyword.WSBuiltInKeywords.verifyResponseStatusCode(WSBuiltInKeywords.groovy:345)
	at Ex 4- PATCH_DELETE Booking.run(Ex 4- PATCH_DELETE Booking:52)
	at com.kms.katalon.core.main.ScriptEngine.run(ScriptEngine.java:194)
	at com.kms.katalon.core.main.ScriptEngine.runScriptAsRawText(ScriptEngine.java:119)
	at com.kms.katalon.core.main.TestCaseExecutor.runScript(TestCaseExecutor.java:448)
	at com.kms.katalon.core.main.TestCaseExecutor.doExecute(TestCaseExecutor.java:439)
	at com.kms.katalon.core.main.TestCaseExecutor.processExecutionPhase(TestCaseExecutor.java:418)
	at com.kms.katalon.core.main.TestCaseExecutor.accessMainPhase(TestCaseExecutor.java:410)
	at com.kms.katalon.core.main.TestCaseExecutor.execute(TestCaseExecutor.java:285)
	at com.kms.katalon.core.common.CommonExecutor.accessTestCaseMainPhase(CommonExecutor.java:65)
	at com.kms.katalon.core.main.TestSuiteExecutor.accessTestSuiteMainPhase(TestSuiteExecutor.java:148)
	at com.kms.katalon.core.main.TestSuiteExecutor.execute(TestSuiteExecutor.java:106)
	at com.kms.katalon.core.main.TestCaseMain.startTestSuite(TestCaseMain.java:180)
	at TempTestSuite1706103728697.run(TempTestSuite1706103728697.groovy:36)
	at java.base/jdk.internal.reflect.NativeMethodAccessorImpl.invoke0(Native Method)
	at java.base/jdk.internal.reflect.NativeMethodAccessorImpl.invoke(NativeMethodAccessorImpl.java:77)
	at java.base/jdk.internal.reflect.DelegatingMethodAccessorImpl.invoke(DelegatingMethodAccessorImpl.java:43)
</property>
  <property name="failed.exception.class">com.kms.katalon.core.exception.StepFailedException</property>
  <property name="testops-is-assertion">true</property>
  <property name="testops-method-name">com.kms.katalon.core.webservice.keyword.builtin.VerifyResponseStatusCodeKeyword.verifyResponseStatusCode</property>
  <property name="testops-execution-stacktrace">com.kms.katalon.core.logging.testops.TestOpsLogHelper.handleFailedLogEntry(TestOpsLogHelper.java:112)
com.kms.katalon.core.logging.KeywordLogger.logFailed(KeywordLogger.java:290)
com.kms.katalon.core.keyword.internal.KeywordMain.stepFailed(KeywordMain.groovy:43)
com.kms.katalon.core.keyword.internal.KeywordMain.stepFailed(KeywordMain.groovy)
com.kms.katalon.core.keyword.internal.KeywordMain.runKeyword(KeywordMain.groovy:77)
com.kms.katalon.core.webservice.keyword.builtin.VerifyResponseStatusCodeKeyword.verifyResponseStatusCode(VerifyResponseStatusCodeKeyword.groovy:37)
com.kms.katalon.core.webservice.keyword.builtin.VerifyResponseStatusCodeKeyword.execute(VerifyResponseStatusCodeKeyword.groovy:32)
com.kms.katalon.core.keyword.internal.KeywordExecutor.executeKeywordForPlatform(KeywordExecutor.groovy:74)
com.kms.katalon.core.webservice.keyword.WSBuiltInKeywords.verifyResponseStatusCode(WSBuiltInKeywords.groovy:345)
Ex 4- PATCH_DELETE Booking.run(Ex 4- PATCH_DELETE Booking:52)
</property>
  <property name="failed.exception.message">Expected status code is &apos;200&apos; but actual status code is &apos;400&apos;</property>
</record>
<record>
  <date>2024-01-24T13:42:21.019302Z</date>
  <millis>1706103741019</millis>
  <nanos>302000</nanos>
  <sequence>98</sequence>
  <level>END</level>
  <class>com.kms.katalon.core.logging.XmlKeywordLogger</class>
  <method>endKeyword</method>
  <thread>1</thread>
  <message>End action : verifyResponseStatusCode(responseObject, 200)</message>
  <nestedLevel>1</nestedLevel>
  <escapedJava>false</escapedJava>
</record>
<record>
  <date>2024-01-24T13:42:21.020231Z</date>
  <millis>1706103741020</millis>
  <nanos>231000</nanos>
  <sequence>100</sequence>
  <level>FAILED</level>
  <class>com.kms.katalon.core.logging.XmlKeywordLogger</class>
  <method>logMessage</method>
  <thread>1</thread>
  <message>Test Cases/Ex 4- PATCH_DELETE Booking FAILED.
Reason:
com.kms.katalon.core.exception.StepFailedException: Expected status code is &amp;apos;200&amp;apos; but actual status code is &amp;apos;400&amp;apos;
	at com.kms.katalon.core.keyword.internal.KeywordMain.stepFailed(KeywordMain.groovy:51)
	at com.kms.katalon.core.webservice.keyword.builtin.VerifyResponseStatusCodeKeyword.verifyStatusCode(VerifyResponseStatusCodeKeyword.groovy:52)
	at com.kms.katalon.core.webservice.keyword.builtin.VerifyResponseStatusCodeKeyword.access$0(VerifyResponseStatusCodeKeyword.groovy)
	at com.kms.katalon.core.webservice.keyword.builtin.VerifyResponseStatusCodeKeyword$_verifyResponseStatusCode_closure1.doCall(VerifyResponseStatusCodeKeyword.groovy:42)
	at com.kms.katalon.core.webservice.keyword.builtin.VerifyResponseStatusCodeKeyword$_verifyResponseStatusCode_closure1.call(VerifyResponseStatusCodeKeyword.groovy)
	at com.kms.katalon.core.keyword.internal.KeywordMain.runKeyword(KeywordMain.groovy:75)
	at com.kms.katalon.core.webservice.keyword.builtin.VerifyResponseStatusCodeKeyword.verifyResponseStatusCode(VerifyResponseStatusCodeKeyword.groovy:37)
	at com.kms.katalon.core.webservice.keyword.builtin.VerifyResponseStatusCodeKeyword.execute(VerifyResponseStatusCodeKeyword.groovy:32)
	at com.kms.katalon.core.keyword.internal.KeywordExecutor.executeKeywordForPlatform(KeywordExecutor.groovy:74)
	at com.kms.katalon.core.webservice.keyword.WSBuiltInKeywords.verifyResponseStatusCode(WSBuiltInKeywords.groovy:345)
	at Ex 4- PATCH_DELETE Booking.run(Ex 4- PATCH_DELETE Booking:52)
	at com.kms.katalon.core.main.ScriptEngine.run(ScriptEngine.java:194)
	at com.kms.katalon.core.main.ScriptEngine.runScriptAsRawText(ScriptEngine.java:119)
	at com.kms.katalon.core.main.TestCaseExecutor.runScript(TestCaseExecutor.java:448)
	at com.kms.katalon.core.main.TestCaseExecutor.doExecute(TestCaseExecutor.java:439)
	at com.kms.katalon.core.main.TestCaseExecutor.processExecutionPhase(TestCaseExecutor.java:418)
	at com.kms.katalon.core.main.TestCaseExecutor.accessMainPhase(TestCaseExecutor.java:410)
	at com.kms.katalon.core.main.TestCaseExecutor.execute(TestCaseExecutor.java:285)
	at com.kms.katalon.core.common.CommonExecutor.accessTestCaseMainPhase(CommonExecutor.java:65)
	at com.kms.katalon.core.main.TestSuiteExecutor.accessTestSuiteMainPhase(TestSuiteExecutor.java:148)
	at com.kms.katalon.core.main.TestSuiteExecutor.execute(TestSuiteExecutor.java:106)
	at com.kms.katalon.core.main.TestCaseMain.startTestSuite(TestCaseMain.java:180)
	at TempTestSuite1706103728697.run(TempTestSuite1706103728697.groovy:36)
	at java.base/jdk.internal.reflect.NativeMethodAccessorImpl.invoke0(Native Method)
	at java.base/jdk.internal.reflect.NativeMethodAccessorImpl.invoke(NativeMethodAccessorImpl.java:77)
	at java.base/jdk.internal.reflect.DelegatingMethodAccessorImpl.invoke(DelegatingMethodAccessorImpl.java:43)
</message>
  <exception>
    <message>com.kms.katalon.core.exception.StepFailedException: Expected status code is '200' but actual status code is '400'</message>
    <frame>
      <class>com.kms.katalon.core.keyword.internal.KeywordMain</class>
      <method>stepFailed</method>
      <line>51</line>
    </frame>
    <frame>
      <class>com.kms.katalon.core.webservice.keyword.builtin.VerifyResponseStatusCodeKeyword</class>
      <method>verifyStatusCode</method>
      <line>52</line>
    </frame>
    <frame>
      <class>com.kms.katalon.core.webservice.keyword.builtin.VerifyResponseStatusCodeKeyword</class>
      <method>access$0</method>
    </frame>
    <frame>
      <class>com.kms.katalon.core.webservice.keyword.builtin.VerifyResponseStatusCodeKeyword$_verifyResponseStatusCode_closure1</class>
      <method>doCall</method>
      <line>42</line>
    </frame>
    <frame>
      <class>com.kms.katalon.core.webservice.keyword.builtin.VerifyResponseStatusCodeKeyword$_verifyResponseStatusCode_closure1</class>
      <method>call</method>
    </frame>
    <frame>
      <class>com.kms.katalon.core.keyword.internal.KeywordMain</class>
      <method>runKeyword</method>
      <line>75</line>
    </frame>
    <frame>
      <class>com.kms.katalon.core.webservice.keyword.builtin.VerifyResponseStatusCodeKeyword</class>
      <method>verifyResponseStatusCode</method>
      <line>37</line>
    </frame>
    <frame>
      <class>com.kms.katalon.core.webservice.keyword.builtin.VerifyResponseStatusCodeKeyword</class>
      <method>execute</method>
      <line>32</line>
    </frame>
    <frame>
      <class>com.kms.katalon.core.keyword.internal.KeywordExecutor</class>
      <method>executeKeywordForPlatform</method>
      <line>74</line>
    </frame>
    <frame>
      <class>com.kms.katalon.core.webservice.keyword.WSBuiltInKeywords</class>
      <method>verifyResponseStatusCode</method>
      <line>345</line>
    </frame>
    <frame>
      <class>Ex 4- PATCH_DELETE Booking</class>
      <method>run</method>
      <line>52</line>
    </frame>
    <frame>
      <class>com.kms.katalon.core.main.ScriptEngine</class>
      <method>run</method>
      <line>194</line>
    </frame>
    <frame>
      <class>com.kms.katalon.core.main.ScriptEngine</class>
      <method>runScriptAsRawText</method>
      <line>119</line>
    </frame>
    <frame>
      <class>com.kms.katalon.core.main.TestCaseExecutor</class>
      <method>runScript</method>
      <line>448</line>
    </frame>
    <frame>
      <class>com.kms.katalon.core.main.TestCaseExecutor</class>
      <method>doExecute</method>
      <line>439</line>
    </frame>
    <frame>
      <class>com.kms.katalon.core.main.TestCaseExecutor</class>
      <method>processExecutionPhase</method>
      <line>418</line>
    </frame>
    <frame>
      <class>com.kms.katalon.core.main.TestCaseExecutor</class>
      <method>accessMainPhase</method>
      <line>410</line>
    </frame>
    <frame>
      <class>com.kms.katalon.core.main.TestCaseExecutor</class>
      <method>execute</method>
      <line>285</line>
    </frame>
    <frame>
      <class>com.kms.katalon.core.common.CommonExecutor</class>
      <method>accessTestCaseMainPhase</method>
      <line>65</line>
    </frame>
    <frame>
      <class>com.kms.katalon.core.main.TestSuiteExecutor</class>
      <method>accessTestSuiteMainPhase</method>
      <line>148</line>
    </frame>
    <frame>
      <class>com.kms.katalon.core.main.TestSuiteExecutor</class>
      <method>execute</method>
      <line>106</line>
    </frame>
    <frame>
      <class>com.kms.katalon.core.main.TestCaseMain</class>
      <method>startTestSuite</method>
      <line>180</line>
    </frame>
    <frame>
      <class>TempTestSuite1706103728697</class>
      <method>run</method>
      <line>36</line>
    </frame>
    <frame>
      <class>jdk.internal.reflect.NativeMethodAccessorImpl</class>
      <method>invoke0</method>
    </frame>
    <frame>
      <class>jdk.internal.reflect.NativeMethodAccessorImpl</class>
      <method>invoke</method>
      <line>77</line>
    </frame>
    <frame>
      <class>jdk.internal.reflect.DelegatingMethodAccessorImpl</class>
      <method>invoke</method>
      <line>43</line>
    </frame>
  </exception>
  <nestedLevel>0</nestedLevel>
  <escapedJava>false</escapedJava>
  <property name="failed.exception.stacktrace">com.kms.katalon.core.exception.StepFailedException: Expected status code is &apos;200&apos; but actual status code is &apos;400&apos;
	at com.kms.katalon.core.keyword.internal.KeywordMain.stepFailed(KeywordMain.groovy:51)
	at com.kms.katalon.core.webservice.keyword.builtin.VerifyResponseStatusCodeKeyword.verifyStatusCode(VerifyResponseStatusCodeKeyword.groovy:52)
	at com.kms.katalon.core.webservice.keyword.builtin.VerifyResponseStatusCodeKeyword.access$0(VerifyResponseStatusCodeKeyword.groovy)
	at com.kms.katalon.core.webservice.keyword.builtin.VerifyResponseStatusCodeKeyword$_verifyResponseStatusCode_closure1.doCall(VerifyResponseStatusCodeKeyword.groovy:42)
	at com.kms.katalon.core.webservice.keyword.builtin.VerifyResponseStatusCodeKeyword$_verifyResponseStatusCode_closure1.call(VerifyResponseStatusCodeKeyword.groovy)
	at com.kms.katalon.core.keyword.internal.KeywordMain.runKeyword(KeywordMain.groovy:75)
	at com.kms.katalon.core.webservice.keyword.builtin.VerifyResponseStatusCodeKeyword.verifyResponseStatusCode(VerifyResponseStatusCodeKeyword.groovy:37)
	at com.kms.katalon.core.webservice.keyword.builtin.VerifyResponseStatusCodeKeyword.execute(VerifyResponseStatusCodeKeyword.groovy:32)
	at com.kms.katalon.core.keyword.internal.KeywordExecutor.executeKeywordForPlatform(KeywordExecutor.groovy:74)
	at com.kms.katalon.core.webservice.keyword.WSBuiltInKeywords.verifyResponseStatusCode(WSBuiltInKeywords.groovy:345)
	at Ex 4- PATCH_DELETE Booking.run(Ex 4- PATCH_DELETE Booking:52)
	at com.kms.katalon.core.main.ScriptEngine.run(ScriptEngine.java:194)
	at com.kms.katalon.core.main.ScriptEngine.runScriptAsRawText(ScriptEngine.java:119)
	at com.kms.katalon.core.main.TestCaseExecutor.runScript(TestCaseExecutor.java:448)
	at com.kms.katalon.core.main.TestCaseExecutor.doExecute(TestCaseExecutor.java:439)
	at com.kms.katalon.core.main.TestCaseExecutor.processExecutionPhase(TestCaseExecutor.java:418)
	at com.kms.katalon.core.main.TestCaseExecutor.accessMainPhase(TestCaseExecutor.java:410)
	at com.kms.katalon.core.main.TestCaseExecutor.execute(TestCaseExecutor.java:285)
	at com.kms.katalon.core.common.CommonExecutor.accessTestCaseMainPhase(CommonExecutor.java:65)
	at com.kms.katalon.core.main.TestSuiteExecutor.accessTestSuiteMainPhase(TestSuiteExecutor.java:148)
	at com.kms.katalon.core.main.TestSuiteExecutor.execute(TestSuiteExecutor.java:106)
	at com.kms.katalon.core.main.TestCaseMain.startTestSuite(TestCaseMain.java:180)
	at TempTestSuite1706103728697.run(TempTestSuite1706103728697.groovy:36)
	at java.base/jdk.internal.reflect.NativeMethodAccessorImpl.invoke0(Native Method)
	at java.base/jdk.internal.reflect.NativeMethodAccessorImpl.invoke(NativeMethodAccessorImpl.java:77)
	at java.base/jdk.internal.reflect.DelegatingMethodAccessorImpl.invoke(DelegatingMethodAccessorImpl.java:43)
</property>
  <property name="failed.exception.class">com.kms.katalon.core.exception.StepFailedException</property>
  <property name="failed.exception.message">Expected status code is &apos;200&apos; but actual status code is &apos;400&apos;</property>
</record>
<record>
  <date>2024-01-24T13:42:21.023094Z</date>
  <millis>1706103741023</millis>
  <nanos>94000</nanos>
  <sequence>102</sequence>
  <level>END</level>
  <class>com.kms.katalon.core.logging.XmlKeywordLogger</class>
  <method>endTest</method>
  <thread>1</thread>
  <message>End Test Case : Test Cases/Ex 4- PATCH_DELETE Booking</message>
  <nestedLevel>0</nestedLevel>
  <escapedJava>false</escapedJava>
  <property name="executionBindingVariables">[
  {
    &quot;displayReportName&quot;: &quot;(Default) first...&quot;,
    &quot;value&quot;: &quot;Son&quot;,
    &quot;name&quot;: &quot;(Default) firstNameUpdate&quot;,
    &quot;masked&quot;: false
  },
  {
    &quot;displayReportName&quot;: &quot;(Default) lastN...&quot;,
    &quot;value&quot;: &quot;Tung&quot;,
    &quot;name&quot;: &quot;(Default) lastNameUpdate&quot;,
    &quot;masked&quot;: false
  }
]</property>
  <property name="applitools">false</property>
  <property name="remainingRetryCount">0</property>
  <property name="currentRetryCount">0</property>
  <property name="keywordsUsage">{
  &quot;web_ui&quot;: false,
  &quot;web_service&quot;: true,
  &quot;cucumber&quot;: false,
  &quot;builtin&quot;: false,
  &quot;mobile&quot;: false,
  &quot;windows&quot;: false,
  &quot;testng&quot;: false
}</property>
</record>
<record>
  <date>2024-01-24T13:42:21.024894Z</date>
  <millis>1706103741024</millis>
  <nanos>894000</nanos>
  <sequence>103</sequence>
  <level>START</level>
  <class>com.kms.katalon.core.logging.XmlKeywordLogger</class>
  <method>startKeyword</method>
  <thread>1</thread>
  <message>Start listener action : exportKatalonReports</message>
  <nestedLevel>0</nestedLevel>
  <escapedJava>false</escapedJava>
</record>
<record>
  <date>2024-01-24T13:42:21.107556Z</date>
  <millis>1706103741107</millis>
  <nanos>556000</nanos>
  <sequence>259</sequence>
  <level>INFO</level>
  <class>com.kms.katalon.core.logging.XmlKeywordLogger</class>
  <method>logMessage</method>
  <thread>1</thread>
  <message>Start generating HTML report folder at: /Users/cucnguyen/git/katalonApiExercise/Reports/20240124_204207/Exercise 4/20240124_204208...</message>
  <nestedLevel>0</nestedLevel>
  <escapedJava>false</escapedJava>
</record>
<record>
  <date>2024-01-24T13:42:21.125565Z</date>
  <millis>1706103741125</millis>
  <nanos>565000</nanos>
  <sequence>260</sequence>
  <level>INFO</level>
  <class>com.kms.katalon.core.logging.XmlKeywordLogger</class>
  <method>logMessage</method>
  <thread>1</thread>
  <message>HTML report generated</message>
  <nestedLevel>0</nestedLevel>
  <escapedJava>false</escapedJava>
</record>
<record>
  <date>2024-01-24T13:42:21.125837Z</date>
  <millis>1706103741125</millis>
  <nanos>837000</nanos>
  <sequence>261</sequence>
  <level>INFO</level>
  <class>com.kms.katalon.core.logging.XmlKeywordLogger</class>
  <method>logMessage</method>
  <thread>1</thread>
  <message>Start generating CSV report folder at: /Users/cucnguyen/git/katalonApiExercise/Reports/20240124_204207/Exercise 4/20240124_204208...</message>
  <nestedLevel>0</nestedLevel>
  <escapedJava>false</escapedJava>
</record>
<record>
  <date>2024-01-24T13:42:21.132815Z</date>
  <millis>1706103741132</millis>
  <nanos>815000</nanos>
  <sequence>262</sequence>
  <level>INFO</level>
  <class>com.kms.katalon.core.logging.XmlKeywordLogger</class>
  <method>logMessage</method>
  <thread>1</thread>
  <message>CSV report generated</message>
  <nestedLevel>0</nestedLevel>
  <escapedJava>false</escapedJava>
</record>
<record>
  <date>2024-01-24T13:42:21.146297Z</date>
  <millis>1706103741146</millis>
  <nanos>297000</nanos>
  <sequence>264</sequence>
  <level>END</level>
  <class>com.kms.katalon.core.logging.XmlKeywordLogger</class>
  <method>endKeyword</method>
  <thread>1</thread>
  <message>End listener action : exportKatalonReports</message>
  <nestedLevel>0</nestedLevel>
  <escapedJava>false</escapedJava>
</record>
<record>
  <date>2024-01-24T13:42:21.164826Z</date>
  <millis>1706103741164</millis>
  <nanos>826000</nanos>
  <sequence>265</sequence>
  <level>END</level>
  <class>com.kms.katalon.core.logging.XmlKeywordLogger</class>
  <method>endSuite</method>
  <thread>1</thread>
  <message>End Test Suite : Test Suites/Exercise 4</message>
  <nestedLevel>0</nestedLevel>
  <escapedJava>false</escapedJava>
</record>
</log>
