<?xml version="1.0" encoding="UTF-8" standalone="no"?>
<!DOCTYPE log SYSTEM "logger.dtd">
<log>
<record>
  <date>2024-01-09T17:18:24.084173Z</date>
  <millis>1704820704084</millis>
  <nanos>173000</nanos>
  <sequence>0</sequence>
  <level>START</level>
  <class>com.kms.katalon.core.logging.XmlKeywordLogger</class>
  <method>startSuite</method>
  <thread>1</thread>
  <message>Start Test Suite : Test Suites/Exercise 1</message>
  <nestedLevel>0</nestedLevel>
  <escapedJava>false</escapedJava>
  <property name="rerunTestFailImmediately">true</property>
  <property name="retryCount">3</property>
  <property name="name">Exercise 1</property>
  <property name="description"></property>
  <property name="id">Test Suites/Exercise 1</property>
</record>
<record>
  <date>2024-01-09T17:18:24.092146Z</date>
  <millis>1704820704092</millis>
  <nanos>146000</nanos>
  <sequence>1</sequence>
  <level>RUN_DATA</level>
  <class>com.kms.katalon.core.logging.XmlKeywordLogger</class>
  <method>logMessage</method>
  <thread>1</thread>
  <message>hostName = cucnguyen - 192.168.2.12</message>
  <nestedLevel>0</nestedLevel>
  <escapedJava>false</escapedJava>
  <property name="hostName">cucnguyen - 192.168.2.12</property>
</record>
<record>
  <date>2024-01-09T17:18:24.092415Z</date>
  <millis>1704820704092</millis>
  <nanos>415000</nanos>
  <sequence>2</sequence>
  <level>RUN_DATA</level>
  <class>com.kms.katalon.core.logging.XmlKeywordLogger</class>
  <method>logMessage</method>
  <thread>1</thread>
  <message>os = Mac OS X 64bit</message>
  <nestedLevel>0</nestedLevel>
  <escapedJava>false</escapedJava>
  <property name="os">Mac OS X 64bit</property>
</record>
<record>
  <date>2024-01-09T17:18:24.093763Z</date>
  <millis>1704820704093</millis>
  <nanos>763000</nanos>
  <sequence>3</sequence>
  <level>RUN_DATA</level>
  <class>com.kms.katalon.core.logging.XmlKeywordLogger</class>
  <method>logMessage</method>
  <thread>1</thread>
  <message>hostAddress = 192.168.2.12</message>
  <nestedLevel>0</nestedLevel>
  <escapedJava>false</escapedJava>
  <property name="hostAddress">192.168.2.12</property>
</record>
<record>
  <date>2024-01-09T17:18:24.093988Z</date>
  <millis>1704820704093</millis>
  <nanos>988000</nanos>
  <sequence>4</sequence>
  <level>RUN_DATA</level>
  <class>com.kms.katalon.core.logging.XmlKeywordLogger</class>
  <method>logMessage</method>
  <thread>1</thread>
  <message>katalonVersion = 9.1.0.212</message>
  <nestedLevel>0</nestedLevel>
  <escapedJava>false</escapedJava>
  <property name="katalonVersion">9.1.0.212</property>
</record>
<record>
  <date>2024-01-09T17:18:24.096852Z</date>
  <millis>1704820704096</millis>
  <nanos>852000</nanos>
  <sequence>5</sequence>
  <level>START</level>
  <class>com.kms.katalon.core.logging.XmlKeywordLogger</class>
  <method>startKeyword</method>
  <thread>1</thread>
  <message>Start listener action : sampleBeforeTestSuite</message>
  <nestedLevel>0</nestedLevel>
  <escapedJava>false</escapedJava>
</record>
<record>
  <date>2024-01-09T17:18:24.103790Z</date>
  <millis>1704820704103</millis>
  <nanos>790000</nanos>
  <sequence>7</sequence>
  <level>START</level>
  <class>com.kms.katalon.core.logging.XmlKeywordLogger</class>
  <method>startKeyword</method>
  <thread>1</thread>
  <message>Start action : KatalonHelper.updateInfo()</message>
  <nestedLevel>1</nestedLevel>
  <escapedJava>false</escapedJava>
  <property name="startLine">12</property>
  <property name="stepIndex">1</property>
</record>
<record>
  <date>2024-01-09T17:18:24.133731Z</date>
  <millis>1704820704133</millis>
  <nanos>731000</nanos>
  <sequence>9</sequence>
  <level>END</level>
  <class>com.kms.katalon.core.logging.XmlKeywordLogger</class>
  <method>endKeyword</method>
  <thread>1</thread>
  <message>End action : KatalonHelper.updateInfo()</message>
  <nestedLevel>1</nestedLevel>
  <escapedJava>false</escapedJava>
</record>
<record>
  <date>2024-01-09T17:18:24.133989Z</date>
  <millis>1704820704133</millis>
  <nanos>989000</nanos>
  <sequence>10</sequence>
  <level>END</level>
  <class>com.kms.katalon.core.logging.XmlKeywordLogger</class>
  <method>endKeyword</method>
  <thread>1</thread>
  <message>End listener action : sampleBeforeTestSuite</message>
  <nestedLevel>0</nestedLevel>
  <escapedJava>false</escapedJava>
</record>
<record>
  <date>2024-01-09T17:18:24.190335Z</date>
  <millis>1704820704190</millis>
  <nanos>335000</nanos>
  <sequence>11</sequence>
  <level>START</level>
  <class>com.kms.katalon.core.logging.XmlKeywordLogger</class>
  <method>startTest</method>
  <thread>1</thread>
  <message>Start Test Case : Test Cases/POST Create booking</message>
  <nestedLevel>1</nestedLevel>
  <escapedJava>false</escapedJava>
  <property name="remainingRetryCount">3</property>
  <property name="name">Test Cases/POST Create booking</property>
  <property name="description"></property>
  <property name="iteration"></property>
  <property name="id">Test Cases/POST Create booking</property>
  <property name="source">\Users\cucnguyen\Katalon Studio\Exam Katalon\Test Cases\POST Create booking.tc</property>
  <property name="tag"></property>
  <property name="isOptional">false</property>
  <property name="currentRetryCount">0</property>
</record>
<record>
  <date>2024-01-09T17:18:24.291735Z</date>
  <millis>1704820704291</millis>
  <nanos>735000</nanos>
  <sequence>13</sequence>
  <level>START</level>
  <class>com.kms.katalon.core.logging.XmlKeywordLogger</class>
  <method>startKeyword</method>
  <thread>1</thread>
  <message>Start action : firstName = sample.Common.generateRandomString()</message>
  <nestedLevel>1</nestedLevel>
  <escapedJava>false</escapedJava>
  <property name="startLine">20</property>
  <property name="stepIndex">1</property>
</record>
<record>
  <date>2024-01-09T17:18:24.319530Z</date>
  <millis>1704820704319</millis>
  <nanos>530000</nanos>
  <sequence>14</sequence>
  <level>PASSED</level>
  <class>com.kms.katalon.core.logging.XmlKeywordLogger</class>
  <method>logMessage</method>
  <thread>1</thread>
  <message>sample.Common.generateRandomString is PASSED</message>
  <nestedLevel>1</nestedLevel>
  <escapedJava>false</escapedJava>
</record>
<record>
  <date>2024-01-09T17:18:24.320426Z</date>
  <millis>1704820704320</millis>
  <nanos>426000</nanos>
  <sequence>15</sequence>
  <level>END</level>
  <class>com.kms.katalon.core.logging.XmlKeywordLogger</class>
  <method>endKeyword</method>
  <thread>1</thread>
  <message>End action : firstName = sample.Common.generateRandomString()</message>
  <nestedLevel>1</nestedLevel>
  <escapedJava>false</escapedJava>
</record>
<record>
  <date>2024-01-09T17:18:24.320608Z</date>
  <millis>1704820704320</millis>
  <nanos>608000</nanos>
  <sequence>16</sequence>
  <level>START</level>
  <class>com.kms.katalon.core.logging.XmlKeywordLogger</class>
  <method>startKeyword</method>
  <thread>1</thread>
  <message>Start action : lastName = sample.Common.generateRandomString()</message>
  <nestedLevel>1</nestedLevel>
  <escapedJava>false</escapedJava>
  <property name="startLine">21</property>
  <property name="stepIndex">2</property>
</record>
<record>
  <date>2024-01-09T17:18:24.321571Z</date>
  <millis>1704820704321</millis>
  <nanos>571000</nanos>
  <sequence>17</sequence>
  <level>PASSED</level>
  <class>com.kms.katalon.core.logging.XmlKeywordLogger</class>
  <method>logMessage</method>
  <thread>1</thread>
  <message>sample.Common.generateRandomString is PASSED</message>
  <nestedLevel>1</nestedLevel>
  <escapedJava>false</escapedJava>
</record>
<record>
  <date>2024-01-09T17:18:24.322331Z</date>
  <millis>1704820704322</millis>
  <nanos>331000</nanos>
  <sequence>18</sequence>
  <level>END</level>
  <class>com.kms.katalon.core.logging.XmlKeywordLogger</class>
  <method>endKeyword</method>
  <thread>1</thread>
  <message>End action : lastName = sample.Common.generateRandomString()</message>
  <nestedLevel>1</nestedLevel>
  <escapedJava>false</escapedJava>
</record>
<record>
  <date>2024-01-09T17:18:24.322532Z</date>
  <millis>1704820704322</millis>
  <nanos>532000</nanos>
  <sequence>19</sequence>
  <level>START</level>
  <class>com.kms.katalon.core.logging.XmlKeywordLogger</class>
  <method>startKeyword</method>
  <thread>1</thread>
  <message>Start action : response = sendRequest(findTestObject(&amp;quot;Object Repository/POST Create booking&amp;quot;, [&amp;quot;firstName&amp;quot;:firstName, &amp;quot;lastName&amp;quot;:lastName]))</message>
  <nestedLevel>1</nestedLevel>
  <escapedJava>false</escapedJava>
  <property name="startLine">23</property>
  <property name="stepIndex">3</property>
</record>
<record>
  <date>2024-01-09T17:18:26.496661Z</date>
  <millis>1704820706496</millis>
  <nanos>661000</nanos>
  <sequence>22</sequence>
  <level>INFO</level>
  <class>com.kms.katalon.core.logging.XmlKeywordLogger</class>
  <method>logMessage</method>
  <thread>1</thread>
  <message>HAR: /Users/cucnguyen/Katalon Studio/Exam Katalon/Reports/20240110_001818/Exercise 1/20240110_001818/requests/main/0.har</message>
  <nestedLevel>1</nestedLevel>
  <escapedJava>false</escapedJava>
  <property name="harId">0f033968-3926-4a48-9def-b1edddddbcea</property>
</record>
<record>
  <date>2024-01-09T17:18:26.535452Z</date>
  <millis>1704820706535</millis>
  <nanos>452000</nanos>
  <sequence>23</sequence>
  <level>PASSED</level>
  <class>com.kms.katalon.core.logging.XmlKeywordLogger</class>
  <method>logMessage</method>
  <thread>1</thread>
  <message>Send request successfully</message>
  <nestedLevel>1</nestedLevel>
  <escapedJava>false</escapedJava>
  <property name="testops-method-name">com.kms.katalon.core.webservice.keyword.builtin.SendRequestKeyword.sendRequest</property>
  <property name="testops-execution-stacktrace"></property>
</record>
<record>
  <date>2024-01-09T17:18:26.537793Z</date>
  <millis>1704820706537</millis>
  <nanos>793000</nanos>
  <sequence>24</sequence>
  <level>END</level>
  <class>com.kms.katalon.core.logging.XmlKeywordLogger</class>
  <method>endKeyword</method>
  <thread>1</thread>
  <message>End action : response = sendRequest(findTestObject(&amp;quot;Object Repository/POST Create booking&amp;quot;, [&amp;quot;firstName&amp;quot;:firstName, &amp;quot;lastName&amp;quot;:lastName]))</message>
  <nestedLevel>1</nestedLevel>
  <escapedJava>false</escapedJava>
</record>
<record>
  <date>2024-01-09T17:18:26.538066Z</date>
  <millis>1704820706538</millis>
  <nanos>66000</nanos>
  <sequence>25</sequence>
  <level>START</level>
  <class>com.kms.katalon.core.logging.XmlKeywordLogger</class>
  <method>startKeyword</method>
  <thread>1</thread>
  <message>Start action : verifyResponseStatusCode(response, 200)</message>
  <nestedLevel>1</nestedLevel>
  <escapedJava>false</escapedJava>
  <property name="startLine">26</property>
  <property name="stepIndex">4</property>
  <property name="description">The status should be 200</property>
</record>
<record>
  <date>2024-01-09T17:18:26.544550Z</date>
  <millis>1704820706544</millis>
  <nanos>550000</nanos>
  <sequence>27</sequence>
  <level>PASSED</level>
  <class>com.kms.katalon.core.logging.XmlKeywordLogger</class>
  <method>logMessage</method>
  <thread>1</thread>
  <message>Verify response status code successfully</message>
  <nestedLevel>1</nestedLevel>
  <escapedJava>false</escapedJava>
  <property name="testops-is-assertion">true</property>
  <property name="testops-method-name">com.kms.katalon.core.webservice.keyword.builtin.VerifyResponseStatusCodeKeyword.verifyResponseStatusCode</property>
  <property name="testops-execution-stacktrace"></property>
</record>
<record>
  <date>2024-01-09T17:18:26.546031Z</date>
  <millis>1704820706546</millis>
  <nanos>31000</nanos>
  <sequence>28</sequence>
  <level>END</level>
  <class>com.kms.katalon.core.logging.XmlKeywordLogger</class>
  <method>endKeyword</method>
  <thread>1</thread>
  <message>End action : verifyResponseStatusCode(response, 200)</message>
  <nestedLevel>1</nestedLevel>
  <escapedJava>false</escapedJava>
</record>
<record>
  <date>2024-01-09T17:18:26.546239Z</date>
  <millis>1704820706546</millis>
  <nanos>239000</nanos>
  <sequence>29</sequence>
  <level>START</level>
  <class>com.kms.katalon.core.logging.XmlKeywordLogger</class>
  <method>startKeyword</method>
  <thread>1</thread>
  <message>Start action : verifyElementPropertyValue(response, &amp;quot;booking.firstname&amp;quot;, $firstName)</message>
  <nestedLevel>1</nestedLevel>
  <escapedJava>false</escapedJava>
  <property name="startLine">28</property>
  <property name="stepIndex">5</property>
  <property name="description">Verify response</property>
</record>
<record>
  <date>2024-01-09T17:18:26.570353Z</date>
  <millis>1704820706570</millis>
  <nanos>353000</nanos>
  <sequence>31</sequence>
  <level>PASSED</level>
  <class>com.kms.katalon.core.logging.XmlKeywordLogger</class>
  <method>logMessage</method>
  <thread>1</thread>
  <message>Verify element property value successfully</message>
  <nestedLevel>1</nestedLevel>
  <escapedJava>false</escapedJava>
  <property name="testops-is-assertion">true</property>
  <property name="testops-method-name">com.kms.katalon.core.webservice.keyword.builtin.VerifyElementPropertyValueKeyword.verifyElementPropertyValue</property>
  <property name="testops-execution-stacktrace"></property>
</record>
<record>
  <date>2024-01-09T17:18:26.571848Z</date>
  <millis>1704820706571</millis>
  <nanos>848000</nanos>
  <sequence>32</sequence>
  <level>END</level>
  <class>com.kms.katalon.core.logging.XmlKeywordLogger</class>
  <method>endKeyword</method>
  <thread>1</thread>
  <message>End action : verifyElementPropertyValue(response, &amp;quot;booking.firstname&amp;quot;, $firstName)</message>
  <nestedLevel>1</nestedLevel>
  <escapedJava>false</escapedJava>
</record>
<record>
  <date>2024-01-09T17:18:26.572292Z</date>
  <millis>1704820706572</millis>
  <nanos>292000</nanos>
  <sequence>33</sequence>
  <level>START</level>
  <class>com.kms.katalon.core.logging.XmlKeywordLogger</class>
  <method>startKeyword</method>
  <thread>1</thread>
  <message>Start action : verifyElementPropertyValue(response, &amp;quot;booking.lastname&amp;quot;, $lastName)</message>
  <nestedLevel>1</nestedLevel>
  <escapedJava>false</escapedJava>
  <property name="startLine">29</property>
  <property name="stepIndex">6</property>
</record>
<record>
  <date>2024-01-09T17:18:26.583847Z</date>
  <millis>1704820706583</millis>
  <nanos>847000</nanos>
  <sequence>35</sequence>
  <level>PASSED</level>
  <class>com.kms.katalon.core.logging.XmlKeywordLogger</class>
  <method>logMessage</method>
  <thread>1</thread>
  <message>Verify element property value successfully</message>
  <nestedLevel>1</nestedLevel>
  <escapedJava>false</escapedJava>
  <property name="testops-is-assertion">true</property>
  <property name="testops-method-name">com.kms.katalon.core.webservice.keyword.builtin.VerifyElementPropertyValueKeyword.verifyElementPropertyValue</property>
  <property name="testops-execution-stacktrace"></property>
</record>
<record>
  <date>2024-01-09T17:18:26.584740Z</date>
  <millis>1704820706584</millis>
  <nanos>740000</nanos>
  <sequence>36</sequence>
  <level>END</level>
  <class>com.kms.katalon.core.logging.XmlKeywordLogger</class>
  <method>endKeyword</method>
  <thread>1</thread>
  <message>End action : verifyElementPropertyValue(response, &amp;quot;booking.lastname&amp;quot;, $lastName)</message>
  <nestedLevel>1</nestedLevel>
  <escapedJava>false</escapedJava>
</record>
<record>
  <date>2024-01-09T17:18:26.584900Z</date>
  <millis>1704820706584</millis>
  <nanos>900000</nanos>
  <sequence>37</sequence>
  <level>START</level>
  <class>com.kms.katalon.core.logging.XmlKeywordLogger</class>
  <method>startKeyword</method>
  <thread>1</thread>
  <message>Start action : responseFirstName = getElementPropertyValue(response, &amp;quot;booking.firstname&amp;quot;)</message>
  <nestedLevel>1</nestedLevel>
  <escapedJava>false</escapedJava>
  <property name="startLine">31</property>
  <property name="stepIndex">7</property>
</record>
<record>
  <date>2024-01-09T17:18:26.598576Z</date>
  <millis>1704820706598</millis>
  <nanos>576000</nanos>
  <sequence>39</sequence>
  <level>END</level>
  <class>com.kms.katalon.core.logging.XmlKeywordLogger</class>
  <method>endKeyword</method>
  <thread>1</thread>
  <message>End action : responseFirstName = getElementPropertyValue(response, &amp;quot;booking.firstname&amp;quot;)</message>
  <nestedLevel>1</nestedLevel>
  <escapedJava>false</escapedJava>
</record>
<record>
  <date>2024-01-09T17:18:26.598868Z</date>
  <millis>1704820706598</millis>
  <nanos>868000</nanos>
  <sequence>40</sequence>
  <level>START</level>
  <class>com.kms.katalon.core.logging.XmlKeywordLogger</class>
  <method>startKeyword</method>
  <thread>1</thread>
  <message>Start action : responseLastName = getElementPropertyValue(response, &amp;quot;booking.lastname&amp;quot;)</message>
  <nestedLevel>1</nestedLevel>
  <escapedJava>false</escapedJava>
  <property name="startLine">32</property>
  <property name="stepIndex">8</property>
</record>
<record>
  <date>2024-01-09T17:18:26.611153Z</date>
  <millis>1704820706611</millis>
  <nanos>153000</nanos>
  <sequence>42</sequence>
  <level>END</level>
  <class>com.kms.katalon.core.logging.XmlKeywordLogger</class>
  <method>endKeyword</method>
  <thread>1</thread>
  <message>End action : responseLastName = getElementPropertyValue(response, &amp;quot;booking.lastname&amp;quot;)</message>
  <nestedLevel>1</nestedLevel>
  <escapedJava>false</escapedJava>
</record>
<record>
  <date>2024-01-09T17:18:26.611411Z</date>
  <millis>1704820706611</millis>
  <nanos>411000</nanos>
  <sequence>43</sequence>
  <level>START</level>
  <class>com.kms.katalon.core.logging.XmlKeywordLogger</class>
  <method>startKeyword</method>
  <thread>1</thread>
  <message>Start action : id = getElementPropertyValue(response, &amp;quot;bookingid&amp;quot;)</message>
  <nestedLevel>1</nestedLevel>
  <escapedJava>false</escapedJava>
  <property name="startLine">33</property>
  <property name="stepIndex">9</property>
</record>
<record>
  <date>2024-01-09T17:18:26.621183Z</date>
  <millis>1704820706621</millis>
  <nanos>183000</nanos>
  <sequence>45</sequence>
  <level>END</level>
  <class>com.kms.katalon.core.logging.XmlKeywordLogger</class>
  <method>endKeyword</method>
  <thread>1</thread>
  <message>End action : id = getElementPropertyValue(response, &amp;quot;bookingid&amp;quot;)</message>
  <nestedLevel>1</nestedLevel>
  <escapedJava>false</escapedJava>
</record>
<record>
  <date>2024-01-09T17:18:26.621400Z</date>
  <millis>1704820706621</millis>
  <nanos>400000</nanos>
  <sequence>46</sequence>
  <level>START</level>
  <class>com.kms.katalon.core.logging.XmlKeywordLogger</class>
  <method>startKeyword</method>
  <thread>1</thread>
  <message>Start action : firstName = responseFirstName</message>
  <nestedLevel>1</nestedLevel>
  <escapedJava>false</escapedJava>
  <property name="startLine">34</property>
  <property name="stepIndex">10</property>
</record>
<record>
  <date>2024-01-09T17:18:26.622075Z</date>
  <millis>1704820706622</millis>
  <nanos>75000</nanos>
  <sequence>47</sequence>
  <level>END</level>
  <class>com.kms.katalon.core.logging.XmlKeywordLogger</class>
  <method>endKeyword</method>
  <thread>1</thread>
  <message>End action : firstName = responseFirstName</message>
  <nestedLevel>1</nestedLevel>
  <escapedJava>false</escapedJava>
</record>
<record>
  <date>2024-01-09T17:18:26.622206Z</date>
  <millis>1704820706622</millis>
  <nanos>206000</nanos>
  <sequence>48</sequence>
  <level>START</level>
  <class>com.kms.katalon.core.logging.XmlKeywordLogger</class>
  <method>startKeyword</method>
  <thread>1</thread>
  <message>Start action : lastName = responseLastName</message>
  <nestedLevel>1</nestedLevel>
  <escapedJava>false</escapedJava>
  <property name="startLine">35</property>
  <property name="stepIndex">11</property>
</record>
<record>
  <date>2024-01-09T17:18:26.622836Z</date>
  <millis>1704820706622</millis>
  <nanos>836000</nanos>
  <sequence>49</sequence>
  <level>END</level>
  <class>com.kms.katalon.core.logging.XmlKeywordLogger</class>
  <method>endKeyword</method>
  <thread>1</thread>
  <message>End action : lastName = responseLastName</message>
  <nestedLevel>1</nestedLevel>
  <escapedJava>false</escapedJava>
</record>
<record>
  <date>2024-01-09T17:18:26.622950Z</date>
  <millis>1704820706622</millis>
  <nanos>950000</nanos>
  <sequence>50</sequence>
  <level>START</level>
  <class>com.kms.katalon.core.logging.XmlKeywordLogger</class>
  <method>startKeyword</method>
  <thread>1</thread>
  <message>Start action : id = id</message>
  <nestedLevel>1</nestedLevel>
  <escapedJava>false</escapedJava>
  <property name="startLine">36</property>
  <property name="stepIndex">12</property>
</record>
<record>
  <date>2024-01-09T17:18:26.623554Z</date>
  <millis>1704820706623</millis>
  <nanos>554000</nanos>
  <sequence>51</sequence>
  <level>END</level>
  <class>com.kms.katalon.core.logging.XmlKeywordLogger</class>
  <method>endKeyword</method>
  <thread>1</thread>
  <message>End action : id = id</message>
  <nestedLevel>1</nestedLevel>
  <escapedJava>false</escapedJava>
</record>
<record>
  <date>2024-01-09T17:18:26.623670Z</date>
  <millis>1704820706623</millis>
  <nanos>670000</nanos>
  <sequence>52</sequence>
  <level>START</level>
  <class>com.kms.katalon.core.logging.XmlKeywordLogger</class>
  <method>startKeyword</method>
  <thread>1</thread>
  <message>Start action : println(&amp;quot;responseFirstName &amp;quot; + responseFirstName)</message>
  <nestedLevel>1</nestedLevel>
  <escapedJava>false</escapedJava>
  <property name="startLine">37</property>
  <property name="stepIndex">13</property>
</record>
<record>
  <date>2024-01-09T17:18:26.626681Z</date>
  <millis>1704820706626</millis>
  <nanos>681000</nanos>
  <sequence>53</sequence>
  <level>END</level>
  <class>com.kms.katalon.core.logging.XmlKeywordLogger</class>
  <method>endKeyword</method>
  <thread>1</thread>
  <message>End action : println(&amp;quot;responseFirstName &amp;quot; + responseFirstName)</message>
  <nestedLevel>1</nestedLevel>
  <escapedJava>false</escapedJava>
</record>
<record>
  <date>2024-01-09T17:18:26.626883Z</date>
  <millis>1704820706626</millis>
  <nanos>883000</nanos>
  <sequence>54</sequence>
  <level>START</level>
  <class>com.kms.katalon.core.logging.XmlKeywordLogger</class>
  <method>startKeyword</method>
  <thread>1</thread>
  <message>Start action : println(&amp;quot;responseLastName &amp;quot; + responseLastName)</message>
  <nestedLevel>1</nestedLevel>
  <escapedJava>false</escapedJava>
  <property name="startLine">38</property>
  <property name="stepIndex">14</property>
</record>
<record>
  <date>2024-01-09T17:18:26.627905Z</date>
  <millis>1704820706627</millis>
  <nanos>905000</nanos>
  <sequence>55</sequence>
  <level>END</level>
  <class>com.kms.katalon.core.logging.XmlKeywordLogger</class>
  <method>endKeyword</method>
  <thread>1</thread>
  <message>End action : println(&amp;quot;responseLastName &amp;quot; + responseLastName)</message>
  <nestedLevel>1</nestedLevel>
  <escapedJava>false</escapedJava>
</record>
<record>
  <date>2024-01-09T17:18:26.628038Z</date>
  <millis>1704820706628</millis>
  <nanos>38000</nanos>
  <sequence>56</sequence>
  <level>START</level>
  <class>com.kms.katalon.core.logging.XmlKeywordLogger</class>
  <method>startKeyword</method>
  <thread>1</thread>
  <message>Start action : println(&amp;quot;id: &amp;quot; + id)</message>
  <nestedLevel>1</nestedLevel>
  <escapedJava>false</escapedJava>
  <property name="startLine">39</property>
  <property name="stepIndex">15</property>
</record>
<record>
  <date>2024-01-09T17:18:26.628521Z</date>
  <millis>1704820706628</millis>
  <nanos>521000</nanos>
  <sequence>57</sequence>
  <level>END</level>
  <class>com.kms.katalon.core.logging.XmlKeywordLogger</class>
  <method>endKeyword</method>
  <thread>1</thread>
  <message>End action : println(&amp;quot;id: &amp;quot; + id)</message>
  <nestedLevel>1</nestedLevel>
  <escapedJava>false</escapedJava>
</record>
<record>
  <date>2024-01-09T17:18:26.628695Z</date>
  <millis>1704820706628</millis>
  <nanos>695000</nanos>
  <sequence>58</sequence>
  <level>PASSED</level>
  <class>com.kms.katalon.core.logging.XmlKeywordLogger</class>
  <method>logMessage</method>
  <thread>1</thread>
  <message>Test Cases/POST Create booking</message>
  <nestedLevel>1</nestedLevel>
  <escapedJava>false</escapedJava>
</record>
<record>
  <date>2024-01-09T17:18:26.629121Z</date>
  <millis>1704820706629</millis>
  <nanos>121000</nanos>
  <sequence>59</sequence>
  <level>END</level>
  <class>com.kms.katalon.core.logging.XmlKeywordLogger</class>
  <method>endTest</method>
  <thread>1</thread>
  <message>End Test Case : Test Cases/POST Create booking</message>
  <nestedLevel>0</nestedLevel>
  <escapedJava>false</escapedJava>
  <property name="executionBindingVariables">[]</property>
  <property name="applitools">false</property>
  <property name="remainingRetryCount">3</property>
  <property name="currentRetryCount">0</property>
  <property name="keywordsUsage">{
  &quot;web_ui&quot;: false,
  &quot;web_service&quot;: true,
  &quot;cucumber&quot;: false,
  &quot;builtin&quot;: false,
  &quot;mobile&quot;: false,
  &quot;windows&quot;: false,
  &quot;testng&quot;: false
}</property>
</record>
<record>
  <date>2024-01-09T17:18:26.631880Z</date>
  <millis>1704820706631</millis>
  <nanos>880000</nanos>
  <sequence>60</sequence>
  <level>START</level>
  <class>com.kms.katalon.core.logging.XmlKeywordLogger</class>
  <method>startTest</method>
  <thread>1</thread>
  <message>Start Test Case : Test Cases/GET Search booking</message>
  <nestedLevel>1</nestedLevel>
  <escapedJava>false</escapedJava>
  <property name="remainingRetryCount">3</property>
  <property name="name">Test Cases/GET Search booking</property>
  <property name="description">by first name and last name</property>
  <property name="iteration"></property>
  <property name="id">Test Cases/GET Search booking</property>
  <property name="source">\Users\cucnguyen\Katalon Studio\Exam Katalon\Test Cases\GET Search booking.tc</property>
  <property name="tag"></property>
  <property name="isOptional">false</property>
  <property name="currentRetryCount">0</property>
</record>
<record>
  <date>2024-01-09T17:18:26.664517Z</date>
  <millis>1704820706664</millis>
  <nanos>517000</nanos>
  <sequence>62</sequence>
  <level>START</level>
  <class>com.kms.katalon.core.logging.XmlKeywordLogger</class>
  <method>startKeyword</method>
  <thread>1</thread>
  <message>Start action : firstName = firstName</message>
  <nestedLevel>1</nestedLevel>
  <escapedJava>false</escapedJava>
  <property name="startLine">23</property>
  <property name="stepIndex">1</property>
  <property name="description">Send a request to retrieve the list of booking IDs</property>
</record>
<record>
  <date>2024-01-09T17:18:26.665491Z</date>
  <millis>1704820706665</millis>
  <nanos>491000</nanos>
  <sequence>63</sequence>
  <level>END</level>
  <class>com.kms.katalon.core.logging.XmlKeywordLogger</class>
  <method>endKeyword</method>
  <thread>1</thread>
  <message>End action : firstName = firstName</message>
  <nestedLevel>1</nestedLevel>
  <escapedJava>false</escapedJava>
</record>
<record>
  <date>2024-01-09T17:18:26.665620Z</date>
  <millis>1704820706665</millis>
  <nanos>620000</nanos>
  <sequence>64</sequence>
  <level>START</level>
  <class>com.kms.katalon.core.logging.XmlKeywordLogger</class>
  <method>startKeyword</method>
  <thread>1</thread>
  <message>Start action : lastName = lastName</message>
  <nestedLevel>1</nestedLevel>
  <escapedJava>false</escapedJava>
  <property name="startLine">24</property>
  <property name="stepIndex">2</property>
</record>
<record>
  <date>2024-01-09T17:18:26.666197Z</date>
  <millis>1704820706666</millis>
  <nanos>197000</nanos>
  <sequence>65</sequence>
  <level>END</level>
  <class>com.kms.katalon.core.logging.XmlKeywordLogger</class>
  <method>endKeyword</method>
  <thread>1</thread>
  <message>End action : lastName = lastName</message>
  <nestedLevel>1</nestedLevel>
  <escapedJava>false</escapedJava>
</record>
<record>
  <date>2024-01-09T17:18:26.666298Z</date>
  <millis>1704820706666</millis>
  <nanos>298000</nanos>
  <sequence>66</sequence>
  <level>START</level>
  <class>com.kms.katalon.core.logging.XmlKeywordLogger</class>
  <method>startKeyword</method>
  <thread>1</thread>
  <message>Start action : println(&amp;quot;firstName: &amp;quot; + firstName)</message>
  <nestedLevel>1</nestedLevel>
  <escapedJava>false</escapedJava>
  <property name="startLine">25</property>
  <property name="stepIndex">3</property>
</record>
<record>
  <date>2024-01-09T17:18:26.667146Z</date>
  <millis>1704820706667</millis>
  <nanos>146000</nanos>
  <sequence>67</sequence>
  <level>END</level>
  <class>com.kms.katalon.core.logging.XmlKeywordLogger</class>
  <method>endKeyword</method>
  <thread>1</thread>
  <message>End action : println(&amp;quot;firstName: &amp;quot; + firstName)</message>
  <nestedLevel>1</nestedLevel>
  <escapedJava>false</escapedJava>
</record>
<record>
  <date>2024-01-09T17:18:26.667257Z</date>
  <millis>1704820706667</millis>
  <nanos>257000</nanos>
  <sequence>68</sequence>
  <level>START</level>
  <class>com.kms.katalon.core.logging.XmlKeywordLogger</class>
  <method>startKeyword</method>
  <thread>1</thread>
  <message>Start action : sendRequestAndVerify(findTestObject(&amp;quot;Object Repository/GET Search booking&amp;quot;, [&amp;quot;firstName&amp;quot;:firstName, &amp;quot;lastName&amp;quot;:lastName]))</message>
  <nestedLevel>1</nestedLevel>
  <escapedJava>false</escapedJava>
  <property name="startLine">26</property>
  <property name="stepIndex">4</property>
</record>
<record>
  <date>2024-01-09T17:18:28.412139Z</date>
  <millis>1704820708412</millis>
  <nanos>139000</nanos>
  <sequence>71</sequence>
  <level>INFO</level>
  <class>com.kms.katalon.core.logging.XmlKeywordLogger</class>
  <method>logMessage</method>
  <thread>1</thread>
  <message>HAR: /Users/cucnguyen/Katalon Studio/Exam Katalon/Reports/20240110_001818/Exercise 1/20240110_001818/requests/main/1.har</message>
  <nestedLevel>1</nestedLevel>
  <escapedJava>false</escapedJava>
  <property name="harId">200ba030-9275-4875-a7b9-4f0f3ab14a75</property>
</record>
<record>
  <date>2024-01-09T17:18:28.495345Z</date>
  <millis>1704820708495</millis>
  <nanos>345000</nanos>
  <sequence>73</sequence>
  <level>START</level>
  <class>com.kms.katalon.core.logging.XmlKeywordLogger</class>
  <method>startTest</method>
  <thread>1</thread>
  <message>Start Test Case : Verification</message>
  <nestedLevel>2</nestedLevel>
  <escapedJava>false</escapedJava>
</record>
<record>
  <date>2024-01-09T17:18:28.520Z</date>
  <millis>1704820708520</millis>
  <sequence>74</sequence>
  <level>START</level>
  <class>com.kms.katalon.core.logging.XmlKeywordLogger</class>
  <method>startKeyword</method>
  <thread>1</thread>
  <message>Start action : request = getInstance().getCurrentRequest()</message>
  <nestedLevel>1</nestedLevel>
  <escapedJava>false</escapedJava>
  <property name="startLine">11</property>
  <property name="stepIndex">1</property>
</record>
<record>
  <date>2024-01-09T17:18:28.520927Z</date>
  <millis>1704820708520</millis>
  <nanos>927000</nanos>
  <sequence>75</sequence>
  <level>END</level>
  <class>com.kms.katalon.core.logging.XmlKeywordLogger</class>
  <method>endKeyword</method>
  <thread>1</thread>
  <message>End action : request = getInstance().getCurrentRequest()</message>
  <nestedLevel>1</nestedLevel>
  <escapedJava>false</escapedJava>
</record>
<record>
  <date>2024-01-09T17:18:28.521039Z</date>
  <millis>1704820708521</millis>
  <nanos>39000</nanos>
  <sequence>76</sequence>
  <level>START</level>
  <class>com.kms.katalon.core.logging.XmlKeywordLogger</class>
  <method>startKeyword</method>
  <thread>1</thread>
  <message>Start action : response = getInstance().getCurrentResponse()</message>
  <nestedLevel>1</nestedLevel>
  <escapedJava>false</escapedJava>
  <property name="startLine">13</property>
  <property name="stepIndex">2</property>
</record>
<record>
  <date>2024-01-09T17:18:28.521684Z</date>
  <millis>1704820708521</millis>
  <nanos>684000</nanos>
  <sequence>77</sequence>
  <level>END</level>
  <class>com.kms.katalon.core.logging.XmlKeywordLogger</class>
  <method>endKeyword</method>
  <thread>1</thread>
  <message>End action : response = getInstance().getCurrentResponse()</message>
  <nestedLevel>1</nestedLevel>
  <escapedJava>false</escapedJava>
</record>
<record>
  <date>2024-01-09T17:18:28.521778Z</date>
  <millis>1704820708521</millis>
  <nanos>778000</nanos>
  <sequence>78</sequence>
  <level>START</level>
  <class>com.kms.katalon.core.logging.XmlKeywordLogger</class>
  <method>startKeyword</method>
  <thread>1</thread>
  <message>Start action : verifyResponseStatusCode(response, 200)</message>
  <nestedLevel>1</nestedLevel>
  <escapedJava>false</escapedJava>
  <property name="startLine">15</property>
  <property name="stepIndex">3</property>
</record>
<record>
  <date>2024-01-09T17:18:28.522809Z</date>
  <millis>1704820708522</millis>
  <nanos>809000</nanos>
  <sequence>80</sequence>
  <level>PASSED</level>
  <class>com.kms.katalon.core.logging.XmlKeywordLogger</class>
  <method>logMessage</method>
  <thread>1</thread>
  <message>Verify response status code successfully</message>
  <nestedLevel>2</nestedLevel>
  <escapedJava>false</escapedJava>
  <property name="testops-is-assertion">true</property>
  <property name="testops-method-name">com.kms.katalon.core.webservice.keyword.builtin.VerifyResponseStatusCodeKeyword.verifyResponseStatusCode</property>
  <property name="testops-execution-stacktrace"></property>
</record>
<record>
  <date>2024-01-09T17:18:28.523310Z</date>
  <millis>1704820708523</millis>
  <nanos>310000</nanos>
  <sequence>81</sequence>
  <level>END</level>
  <class>com.kms.katalon.core.logging.XmlKeywordLogger</class>
  <method>endKeyword</method>
  <thread>1</thread>
  <message>End action : verifyResponseStatusCode(response, 200)</message>
  <nestedLevel>1</nestedLevel>
  <escapedJava>false</escapedJava>
</record>
<record>
  <date>2024-01-09T17:18:28.523402Z</date>
  <millis>1704820708523</millis>
  <nanos>402000</nanos>
  <sequence>82</sequence>
  <level>START</level>
  <class>com.kms.katalon.core.logging.XmlKeywordLogger</class>
  <method>startKeyword</method>
  <thread>1</thread>
  <message>Start action : jsonSlurper = new groovy.json.JsonSlurper()</message>
  <nestedLevel>1</nestedLevel>
  <escapedJava>false</escapedJava>
  <property name="startLine">17</property>
  <property name="stepIndex">4</property>
</record>
<record>
  <date>2024-01-09T17:18:28.524119Z</date>
  <millis>1704820708524</millis>
  <nanos>119000</nanos>
  <sequence>83</sequence>
  <level>END</level>
  <class>com.kms.katalon.core.logging.XmlKeywordLogger</class>
  <method>endKeyword</method>
  <thread>1</thread>
  <message>End action : jsonSlurper = new groovy.json.JsonSlurper()</message>
  <nestedLevel>1</nestedLevel>
  <escapedJava>false</escapedJava>
</record>
<record>
  <date>2024-01-09T17:18:28.524240Z</date>
  <millis>1704820708524</millis>
  <nanos>240000</nanos>
  <sequence>84</sequence>
  <level>START</level>
  <class>com.kms.katalon.core.logging.XmlKeywordLogger</class>
  <method>startKeyword</method>
  <thread>1</thread>
  <message>Start action : jsonResponse = jsonSlurper.parseText(response.getResponseText())</message>
  <nestedLevel>1</nestedLevel>
  <escapedJava>false</escapedJava>
  <property name="startLine">19</property>
  <property name="stepIndex">5</property>
</record>
<record>
  <date>2024-01-09T17:18:28.530464Z</date>
  <millis>1704820708530</millis>
  <nanos>464000</nanos>
  <sequence>85</sequence>
  <level>END</level>
  <class>com.kms.katalon.core.logging.XmlKeywordLogger</class>
  <method>endKeyword</method>
  <thread>1</thread>
  <message>End action : jsonResponse = jsonSlurper.parseText(response.getResponseText())</message>
  <nestedLevel>1</nestedLevel>
  <escapedJava>false</escapedJava>
</record>
<record>
  <date>2024-01-09T17:18:28.530733Z</date>
  <millis>1704820708530</millis>
  <nanos>733000</nanos>
  <sequence>86</sequence>
  <level>START</level>
  <class>com.kms.katalon.core.logging.XmlKeywordLogger</class>
  <method>startKeyword</method>
  <thread>1</thread>
  <message>Start action : println(jsonResponse)</message>
  <nestedLevel>1</nestedLevel>
  <escapedJava>false</escapedJava>
  <property name="startLine">21</property>
  <property name="stepIndex">6</property>
</record>
<record>
  <date>2024-01-09T17:18:28.534648Z</date>
  <millis>1704820708534</millis>
  <nanos>648000</nanos>
  <sequence>87</sequence>
  <level>END</level>
  <class>com.kms.katalon.core.logging.XmlKeywordLogger</class>
  <method>endKeyword</method>
  <thread>1</thread>
  <message>End action : println(jsonResponse)</message>
  <nestedLevel>1</nestedLevel>
  <escapedJava>false</escapedJava>
</record>
<record>
  <date>2024-01-09T17:18:28.534826Z</date>
  <millis>1704820708534</millis>
  <nanos>826000</nanos>
  <sequence>88</sequence>
  <level>START</level>
  <class>com.kms.katalon.core.logging.XmlKeywordLogger</class>
  <method>startKeyword</method>
  <thread>1</thread>
  <message>Start action : println(jsonResponse[0])</message>
  <nestedLevel>1</nestedLevel>
  <escapedJava>false</escapedJava>
  <property name="startLine">23</property>
  <property name="stepIndex">7</property>
</record>
<record>
  <date>2024-01-09T17:18:28.537541Z</date>
  <millis>1704820708537</millis>
  <nanos>541000</nanos>
  <sequence>89</sequence>
  <level>END</level>
  <class>com.kms.katalon.core.logging.XmlKeywordLogger</class>
  <method>endKeyword</method>
  <thread>1</thread>
  <message>End action : println(jsonResponse[0])</message>
  <nestedLevel>1</nestedLevel>
  <escapedJava>false</escapedJava>
</record>
<record>
  <date>2024-01-09T17:18:28.537695Z</date>
  <millis>1704820708537</millis>
  <nanos>695000</nanos>
  <sequence>90</sequence>
  <level>START</level>
  <class>com.kms.katalon.core.logging.XmlKeywordLogger</class>
  <method>startKeyword</method>
  <thread>1</thread>
  <message>Start action : println(bookingid)</message>
  <nestedLevel>1</nestedLevel>
  <escapedJava>false</escapedJava>
  <property name="startLine">26</property>
  <property name="stepIndex">8</property>
</record>
<record>
  <date>2024-01-09T17:18:28.538176Z</date>
  <millis>1704820708538</millis>
  <nanos>176000</nanos>
  <sequence>91</sequence>
  <level>END</level>
  <class>com.kms.katalon.core.logging.XmlKeywordLogger</class>
  <method>endKeyword</method>
  <thread>1</thread>
  <message>End action : println(bookingid)</message>
  <nestedLevel>1</nestedLevel>
  <escapedJava>false</escapedJava>
</record>
<record>
  <date>2024-01-09T17:18:28.538367Z</date>
  <millis>1704820708538</millis>
  <nanos>367000</nanos>
  <sequence>92</sequence>
  <level>PASSED</level>
  <class>com.kms.katalon.core.logging.XmlKeywordLogger</class>
  <method>logMessage</method>
  <thread>1</thread>
  <message>Verification accomplished successfully</message>
  <nestedLevel>2</nestedLevel>
  <escapedJava>false</escapedJava>
  <property name="testops-method-name">com.kms.katalon.core.webservice.keyword.builtin.SendRequestAndVerifyKeyword.sendRequestAndVerify</property>
  <property name="testops-execution-stacktrace"></property>
</record>
<record>
  <date>2024-01-09T17:18:28.538532Z</date>
  <millis>1704820708538</millis>
  <nanos>532000</nanos>
  <sequence>93</sequence>
  <level>END</level>
  <class>com.kms.katalon.core.logging.XmlKeywordLogger</class>
  <method>endTest</method>
  <thread>1</thread>
  <message>End Test Case : Verification</message>
  <nestedLevel>1</nestedLevel>
  <escapedJava>false</escapedJava>
</record>
<record>
  <date>2024-01-09T17:18:28.546347Z</date>
  <millis>1704820708546</millis>
  <nanos>347000</nanos>
  <sequence>94</sequence>
  <level>PASSED</level>
  <class>com.kms.katalon.core.logging.XmlKeywordLogger</class>
  <method>logMessage</method>
  <thread>1</thread>
  <message>Verify response successfully</message>
  <nestedLevel>1</nestedLevel>
  <escapedJava>false</escapedJava>
  <property name="testops-method-name">com.kms.katalon.core.webservice.keyword.builtin.SendRequestAndVerifyKeyword.sendRequestAndVerify</property>
  <property name="testops-execution-stacktrace"></property>
</record>
<record>
  <date>2024-01-09T17:18:28.553581Z</date>
  <millis>1704820708553</millis>
  <nanos>581000</nanos>
  <sequence>96</sequence>
  <level>PASSED</level>
  <class>com.kms.katalon.core.logging.XmlKeywordLogger</class>
  <method>logMessage</method>
  <thread>1</thread>
  <message>All validation steps have been passed</message>
  <nestedLevel>1</nestedLevel>
  <escapedJava>false</escapedJava>
  <property name="testops-method-name">com.kms.katalon.core.webservice.keyword.builtin.SendRequestAndVerifyKeyword.sendRequestAndVerify</property>
  <property name="testops-execution-stacktrace"></property>
</record>
<record>
  <date>2024-01-09T17:18:28.553818Z</date>
  <millis>1704820708553</millis>
  <nanos>818000</nanos>
  <sequence>97</sequence>
  <level>PASSED</level>
  <class>com.kms.katalon.core.logging.XmlKeywordLogger</class>
  <method>logMessage</method>
  <thread>1</thread>
  <message>Send request and verify the response successfully</message>
  <nestedLevel>1</nestedLevel>
  <escapedJava>false</escapedJava>
  <property name="testops-method-name">com.kms.katalon.core.webservice.keyword.builtin.SendRequestAndVerifyKeyword.sendRequestAndVerify</property>
  <property name="testops-execution-stacktrace"></property>
</record>
<record>
  <date>2024-01-09T17:18:28.553923Z</date>
  <millis>1704820708553</millis>
  <nanos>923000</nanos>
  <sequence>98</sequence>
  <level>END</level>
  <class>com.kms.katalon.core.logging.XmlKeywordLogger</class>
  <method>endKeyword</method>
  <thread>1</thread>
  <message>End action : sendRequestAndVerify(findTestObject(&amp;quot;Object Repository/GET Search booking&amp;quot;, [&amp;quot;firstName&amp;quot;:firstName, &amp;quot;lastName&amp;quot;:lastName]))</message>
  <nestedLevel>1</nestedLevel>
  <escapedJava>false</escapedJava>
</record>
<record>
  <date>2024-01-09T17:18:28.554041Z</date>
  <millis>1704820708554</millis>
  <nanos>41000</nanos>
  <sequence>99</sequence>
  <level>PASSED</level>
  <class>com.kms.katalon.core.logging.XmlKeywordLogger</class>
  <method>logMessage</method>
  <thread>1</thread>
  <message>Test Cases/GET Search booking</message>
  <nestedLevel>1</nestedLevel>
  <escapedJava>false</escapedJava>
</record>
<record>
  <date>2024-01-09T17:18:28.554372Z</date>
  <millis>1704820708554</millis>
  <nanos>372000</nanos>
  <sequence>100</sequence>
  <level>END</level>
  <class>com.kms.katalon.core.logging.XmlKeywordLogger</class>
  <method>endTest</method>
  <thread>1</thread>
  <message>End Test Case : Test Cases/GET Search booking</message>
  <nestedLevel>0</nestedLevel>
  <escapedJava>false</escapedJava>
  <property name="executionBindingVariables">[]</property>
  <property name="applitools">false</property>
  <property name="remainingRetryCount">3</property>
  <property name="currentRetryCount">0</property>
  <property name="keywordsUsage">{
  &quot;web_ui&quot;: false,
  &quot;web_service&quot;: true,
  &quot;cucumber&quot;: false,
  &quot;builtin&quot;: false,
  &quot;mobile&quot;: false,
  &quot;windows&quot;: false,
  &quot;testng&quot;: false
}</property>
</record>
<record>
  <date>2024-01-09T17:18:28.554532Z</date>
  <millis>1704820708554</millis>
  <nanos>532000</nanos>
  <sequence>101</sequence>
  <level>START</level>
  <class>com.kms.katalon.core.logging.XmlKeywordLogger</class>
  <method>startKeyword</method>
  <thread>1</thread>
  <message>Start listener action : exportKatalonReports</message>
  <nestedLevel>0</nestedLevel>
  <escapedJava>false</escapedJava>
</record>
<record>
  <date>2024-01-09T17:18:28.621715Z</date>
  <millis>1704820708621</millis>
  <nanos>715000</nanos>
  <sequence>273</sequence>
  <level>INFO</level>
  <class>com.kms.katalon.core.logging.XmlKeywordLogger</class>
  <method>logMessage</method>
  <thread>1</thread>
  <message>Start generating HTML report folder at: /Users/cucnguyen/Katalon Studio/Exam Katalon/Reports/20240110_001818/Exercise 1/20240110_001818...</message>
  <nestedLevel>0</nestedLevel>
  <escapedJava>false</escapedJava>
</record>
<record>
  <date>2024-01-09T17:18:28.638872Z</date>
  <millis>1704820708638</millis>
  <nanos>872000</nanos>
  <sequence>274</sequence>
  <level>INFO</level>
  <class>com.kms.katalon.core.logging.XmlKeywordLogger</class>
  <method>logMessage</method>
  <thread>1</thread>
  <message>HTML report generated</message>
  <nestedLevel>0</nestedLevel>
  <escapedJava>false</escapedJava>
</record>
<record>
  <date>2024-01-09T17:18:28.639143Z</date>
  <millis>1704820708639</millis>
  <nanos>143000</nanos>
  <sequence>275</sequence>
  <level>INFO</level>
  <class>com.kms.katalon.core.logging.XmlKeywordLogger</class>
  <method>logMessage</method>
  <thread>1</thread>
  <message>Start generating CSV report folder at: /Users/cucnguyen/Katalon Studio/Exam Katalon/Reports/20240110_001818/Exercise 1/20240110_001818...</message>
  <nestedLevel>0</nestedLevel>
  <escapedJava>false</escapedJava>
</record>
<record>
  <date>2024-01-09T17:18:28.646360Z</date>
  <millis>1704820708646</millis>
  <nanos>360000</nanos>
  <sequence>276</sequence>
  <level>INFO</level>
  <class>com.kms.katalon.core.logging.XmlKeywordLogger</class>
  <method>logMessage</method>
  <thread>1</thread>
  <message>CSV report generated</message>
  <nestedLevel>0</nestedLevel>
  <escapedJava>false</escapedJava>
</record>
<record>
  <date>2024-01-09T17:18:28.653680Z</date>
  <millis>1704820708653</millis>
  <nanos>680000</nanos>
  <sequence>278</sequence>
  <level>END</level>
  <class>com.kms.katalon.core.logging.XmlKeywordLogger</class>
  <method>endKeyword</method>
  <thread>1</thread>
  <message>End listener action : exportKatalonReports</message>
  <nestedLevel>0</nestedLevel>
  <escapedJava>false</escapedJava>
</record>
<record>
  <date>2024-01-09T17:18:28.671760Z</date>
  <millis>1704820708671</millis>
  <nanos>760000</nanos>
  <sequence>279</sequence>
  <level>END</level>
  <class>com.kms.katalon.core.logging.XmlKeywordLogger</class>
  <method>endSuite</method>
  <thread>1</thread>
  <message>End Test Suite : Test Suites/Exercise 1</message>
  <nestedLevel>0</nestedLevel>
  <escapedJava>false</escapedJava>
</record>
</log>
